{"F:\\Agent\\workbuddy\\workspace\\ShuqingBigDataPlatform\\frontend\\src\\api\\client.ts": {"path":"F:\\Agent\\workbuddy\\workspace\\ShuqingBigDataPlatform\\frontend\\src\\api\\client.ts","statementMap":{"0":{"start":{"line":19,"column":25},"end":{"line":19,"column":null}},"1":{"start":{"line":22,"column":52},"end":{"line":22,"column":null}},"2":{"start":{"line":25,"column":47},"end":{"line":25,"column":null}},"3":{"start":{"line":32,"column":2},"end":{"line":32,"column":null}},"4":{"start":{"line":40,"column":2},"end":{"line":40,"column":null}},"5":{"start":{"line":44,"column":48},"end":{"line":44,"column":null}},"6":{"start":{"line":51,"column":2},"end":{"line":51,"column":null}},"7":{"start":{"line":55,"column":28},"end":{"line":61,"column":null}},"8":{"start":{"line":64,"column":0},"end":{"line":75,"column":null}},"9":{"start":{"line":67,"column":18},"end":{"line":67,"column":null}},"10":{"start":{"line":68,"column":4},"end":{"line":71,"column":null}},"11":{"start":{"line":69,"column":6},"end":{"line":69,"column":null}},"12":{"start":{"line":70,"column":6},"end":{"line":70,"column":null}},"13":{"start":{"line":72,"column":4},"end":{"line":72,"column":null}},"14":{"start":{"line":74,"column":13},"end":{"line":74,"column":null}},"15":{"start":{"line":78,"column":0},"end":{"line":116,"column":null}},"16":{"start":{"line":81,"column":17},"end":{"line":81,"column":null}},"17":{"start":{"line":82,"column":4},"end":{"line":90,"column":null}},"18":{"start":{"line":83,"column":6},"end":{"line":87,"column":null}},"19":{"start":{"line":84,"column":20},"end":{"line":84,"column":null}},"20":{"start":{"line":85,"column":8},"end":{"line":85,"column":null}},"21":{"start":{"line":86,"column":8},"end":{"line":86,"column":null}},"22":{"start":{"line":89,"column":6},"end":{"line":89,"column":null}},"23":{"start":{"line":91,"column":4},"end":{"line":91,"column":null}},"24":{"start":{"line":95,"column":27},"end":{"line":95,"column":null}},"25":{"start":{"line":96,"column":14},"end":{"line":96,"column":null}},"26":{"start":{"line":98,"column":4},"end":{"line":111,"column":null}},"27":{"start":{"line":99,"column":6},"end":{"line":99,"column":null}},"28":{"start":{"line":100,"column":6},"end":{"line":100,"column":null}},"29":{"start":{"line":101,"column":4},"end":{"line":111,"column":null}},"30":{"start":{"line":102,"column":6},"end":{"line":102,"column":null}},"31":{"start":{"line":103,"column":4},"end":{"line":111,"column":null}},"32":{"start":{"line":104,"column":6},"end":{"line":104,"column":null}},"33":{"start":{"line":105,"column":4},"end":{"line":111,"column":null}},"34":{"start":{"line":106,"column":6},"end":{"line":106,"column":null}},"35":{"start":{"line":107,"column":4},"end":{"line":111,"column":null}},"36":{"start":{"line":108,"column":6},"end":{"line":108,"column":null}},"37":{"start":{"line":109,"column":4},"end":{"line":111,"column":null}},"38":{"start":{"line":110,"column":6},"end":{"line":110,"column":null}},"39":{"start":{"line":113,"column":4},"end":{"line":113,"column":null}},"40":{"start":{"line":114,"column":4},"end":{"line":114,"column":null}},"41":{"start":{"line":126,"column":4},"end":{"line":126,"column":null}},"42":{"start":{"line":127,"column":4},"end":{"line":127,"column":null}},"43":{"start":{"line":128,"column":4},"end":{"line":128,"column":null}},"44":{"start":{"line":129,"column":4},"end":{"line":129,"column":null}},"45":{"start":{"line":146,"column":14},"end":{"line":146,"column":null}},"46":{"start":{"line":147,"column":2},"end":{"line":147,"column":null}},"47":{"start":{"line":161,"column":14},"end":{"line":161,"column":null}},"48":{"start":{"line":162,"column":2},"end":{"line":162,"column":null}},"49":{"start":{"line":172,"column":14},"end":{"line":172,"column":null}},"50":{"start":{"line":173,"column":2},"end":{"line":173,"column":null}},"51":{"start":{"line":187,"column":14},"end":{"line":187,"column":null}},"52":{"start":{"line":188,"column":2},"end":{"line":188,"column":null}}},"fnMap":{"0":{"name":"setErrorNotifier","decl":{"start":{"line":31,"column":16},"end":{"line":31,"column":33}},"loc":{"start":{"line":31,"column":72},"end":{"line":33,"column":null}},"line":31},"1":{"name":"setUnauthorizedHandler","decl":{"start":{"line":39,"column":16},"end":{"line":39,"column":39}},"loc":{"start":{"line":39,"column":66},"end":{"line":41,"column":null}},"line":39},"2":{"name":"setTokenGetter","decl":{"start":{"line":50,"column":16},"end":{"line":50,"column":31}},"loc":{"start":{"line":50,"column":66},"end":{"line":52,"column":null}},"line":50},"3":{"name":"(anonymous_3)","decl":{"start":{"line":65,"column":2},"end":{"line":65,"column":3}},"loc":{"start":{"line":65,"column":42},"end":{"line":73,"column":null}},"line":65},"4":{"name":"(anonymous_4)","decl":{"start":{"line":74,"column":2},"end":{"line":74,"column":3}},"loc":{"start":{"line":74,"column":13},"end":{"line":74,"column":null}},"line":74},"5":{"name":"(anonymous_5)","decl":{"start":{"line":79,"column":2},"end":{"line":79,"column":3}},"loc":{"start":{"line":79,"column":16},"end":{"line":92,"column":null}},"line":79},"6":{"name":"(anonymous_6)","decl":{"start":{"line":93,"column":2},"end":{"line":93,"column":3}},"loc":{"start":{"line":93,"column":13},"end":{"line":115,"column":null}},"line":93},"7":{"name":"constructor","decl":{"start":{"line":125,"column":2},"end":{"line":125,"column":14}},"loc":{"start":{"line":125,"column":65},"end":{"line":130,"column":null}},"line":125},"8":{"name":"get","decl":{"start":{"line":141,"column":22},"end":{"line":141,"column":null}},"loc":{"start":{"line":145,"column":14},"end":{"line":148,"column":null}},"line":145},"9":{"name":"post","decl":{"start":{"line":156,"column":22},"end":{"line":156,"column":null}},"loc":{"start":{"line":160,"column":14},"end":{"line":163,"column":null}},"line":160},"10":{"name":"put","decl":{"start":{"line":171,"column":22},"end":{"line":171,"column":29}},"loc":{"start":{"line":171,"column":99},"end":{"line":174,"column":null}},"line":171},"11":{"name":"del","decl":{"start":{"line":182,"column":22},"end":{"line":182,"column":null}},"loc":{"start":{"line":186,"column":14},"end":{"line":189,"column":null}},"line":186}},"branchMap":{"0":{"loc":{"start":{"line":56,"column":11},"end":{"line":56,"column":null}},"type":"binary-expr","locations":[{"start":{"line":56,"column":11},"end":{"line":56,"column":44}},{"start":{"line":56,"column":44},"end":{"line":56,"column":null}}],"line":56},"1":{"loc":{"start":{"line":67,"column":18},"end":{"line":67,"column":null}},"type":"binary-expr","locations":[{"start":{"line":67,"column":18},"end":{"line":67,"column":37}},{"start":{"line":67,"column":37},"end":{"line":67,"column":null}}],"line":67},"2":{"loc":{"start":{"line":68,"column":4},"end":{"line":71,"column":null}},"type":"if","locations":[{"start":{"line":68,"column":4},"end":{"line":71,"column":null}},{"start":{},"end":{}}],"line":68},"3":{"loc":{"start":{"line":69,"column":23},"end":{"line":69,"column":null}},"type":"binary-expr","locations":[{"start":{"line":69,"column":23},"end":{"line":69,"column":41}},{"start":{"line":69,"column":41},"end":{"line":69,"column":null}}],"line":69},"4":{"loc":{"start":{"line":82,"column":4},"end":{"line":90,"column":null}},"type":"if","locations":[{"start":{"line":82,"column":4},"end":{"line":90,"column":null}},{"start":{},"end":{}}],"line":82},"5":{"loc":{"start":{"line":82,"column":8},"end":{"line":82,"column":60}},"type":"binary-expr","locations":[{"start":{"line":82,"column":8},"end":{"line":82,"column":16}},{"start":{"line":82,"column":16},"end":{"line":82,"column":44}},{"start":{"line":82,"column":44},"end":{"line":82,"column":60}}],"line":82},"6":{"loc":{"start":{"line":83,"column":6},"end":{"line":87,"column":null}},"type":"if","locations":[{"start":{"line":83,"column":6},"end":{"line":87,"column":null}},{"start":{},"end":{}}],"line":83},"7":{"loc":{"start":{"line":84,"column":20},"end":{"line":84,"column":null}},"type":"binary-expr","locations":[{"start":{"line":84,"column":20},"end":{"line":84,"column":36}},{"start":{"line":84,"column":36},"end":{"line":84,"column":null}}],"line":84},"8":{"loc":{"start":{"line":95,"column":27},"end":{"line":95,"column":null}},"type":"binary-expr","locations":[{"start":{"line":95,"column":27},"end":{"line":95,"column":54}},{"start":{"line":95,"column":54},"end":{"line":95,"column":null}}],"line":95},"9":{"loc":{"start":{"line":98,"column":4},"end":{"line":111,"column":null}},"type":"if","locations":[{"start":{"line":98,"column":4},"end":{"line":111,"column":null}},{"start":{"line":101,"column":4},"end":{"line":111,"column":null}}],"line":98},"10":{"loc":{"start":{"line":101,"column":4},"end":{"line":111,"column":null}},"type":"if","locations":[{"start":{"line":101,"column":4},"end":{"line":111,"column":null}},{"start":{"line":103,"column":4},"end":{"line":111,"column":null}}],"line":101},"11":{"loc":{"start":{"line":103,"column":4},"end":{"line":111,"column":null}},"type":"if","locations":[{"start":{"line":103,"column":4},"end":{"line":111,"column":null}},{"start":{"line":105,"column":4},"end":{"line":111,"column":null}}],"line":103},"12":{"loc":{"start":{"line":105,"column":4},"end":{"line":111,"column":null}},"type":"if","locations":[{"start":{"line":105,"column":4},"end":{"line":111,"column":null}},{"start":{"line":107,"column":4},"end":{"line":111,"column":null}}],"line":105},"13":{"loc":{"start":{"line":107,"column":4},"end":{"line":111,"column":null}},"type":"if","locations":[{"start":{"line":107,"column":4},"end":{"line":111,"column":null}},{"start":{"line":109,"column":4},"end":{"line":111,"column":null}}],"line":107},"14":{"loc":{"start":{"line":109,"column":4},"end":{"line":111,"column":null}},"type":"if","locations":[{"start":{"line":109,"column":4},"end":{"line":111,"column":null}},{"start":{},"end":{}}],"line":109}},"s":{"0":1,"1":1,"2":1,"3":8,"4":2,"5":1,"6":8,"7":1,"8":1,"9":2,"10":2,"11":1,"12":1,"13":2,"14":0,"15":1,"16":2,"17":2,"18":2,"19":1,"20":1,"21":1,"22":1,"23":1,"24":6,"25":6,"26":6,"27":1,"28":1,"29":5,"30":1,"31":4,"32":1,"33":3,"34":1,"35":2,"36":1,"37":1,"38":1,"39":6,"40":6,"41":8,"42":8,"43":8,"44":8,"45":2,"46":2,"47":1,"48":1,"49":1,"50":1,"51":1,"52":1},"f":{"0":8,"1":2,"2":8,"3":2,"4":0,"5":2,"6":6,"7":8,"8":2,"9":1,"10":1,"11":1},"b":{"0":[1,1],"1":[2,1],"2":[1,1],"3":[1,0],"4":[2,0],"5":[2,2,2],"6":[1,1],"7":[1,0],"8":[6,1],"9":[1,5],"10":[1,4],"11":[1,3],"12":[1,2],"13":[1,1],"14":[1,0]},"meta":{"lastBranch":15,"lastFunction":12,"lastStatement":53,"seen":{"s:19:25:19:Infinity":0,"s:22:52:22:Infinity":1,"s:25:47:25:Infinity":2,"f:31:16:31:33":0,"s:32:2:32:Infinity":3,"f:39:16:39:39":1,"s:40:2:40:Infinity":4,"s:44:48:44:Infinity":5,"f:50:16:50:31":2,"s:51:2:51:Infinity":6,"s:55:28:61:Infinity":7,"b:56:11:56:44:56:44:56:Infinity":0,"s:64:0:75:Infinity":8,"f:65:2:65:3":3,"s:67:18:67:Infinity":9,"b:67:18:67:37:67:37:67:Infinity":1,"b:68:4:71:Infinity:undefined:undefined:undefined:undefined":2,"s:68:4:71:Infinity":10,"s:69:6:69:Infinity":11,"b:69:23:69:41:69:41:69:Infinity":3,"s:70:6:70:Infinity":12,"s:72:4:72:Infinity":13,"f:74:2:74:3":4,"s:74:13:74:Infinity":14,"s:78:0:116:Infinity":15,"f:79:2:79:3":5,"s:81:17:81:Infinity":16,"b:82:4:90:Infinity:undefined:undefined:undefined:undefined":4,"s:82:4:90:Infinity":17,"b:82:8:82:16:82:16:82:44:82:44:82:60":5,"b:83:6:87:Infinity:undefined:undefined:undefined:undefined":6,"s:83:6:87:Infinity":18,"s:84:20:84:Infinity":19,"b:84:20:84:36:84:36:84:Infinity":7,"s:85:8:85:Infinity":20,"s:86:8:86:Infinity":21,"s:89:6:89:Infinity":22,"s:91:4:91:Infinity":23,"f:93:2:93:3":6,"s:95:27:95:Infinity":24,"b:95:27:95:54:95:54:95:Infinity":8,"s:96:14:96:Infinity":25,"b:98:4:111:Infinity:101:4:111:Infinity":9,"s:98:4:111:Infinity":26,"s:99:6:99:Infinity":27,"s:100:6:100:Infinity":28,"b:101:4:111:Infinity:103:4:111:Infinity":10,"s:101:4:111:Infinity":29,"s:102:6:102:Infinity":30,"b:103:4:111:Infinity:105:4:111:Infinity":11,"s:103:4:111:Infinity":31,"s:104:6:104:Infinity":32,"b:105:4:111:Infinity:107:4:111:Infinity":12,"s:105:4:111:Infinity":33,"s:106:6:106:Infinity":34,"b:107:4:111:Infinity:109:4:111:Infinity":13,"s:107:4:111:Infinity":35,"s:108:6:108:Infinity":36,"b:109:4:111:Infinity:undefined:undefined:undefined:undefined":14,"s:109:4:111:Infinity":37,"s:110:6:110:Infinity":38,"s:113:4:113:Infinity":39,"s:114:4:114:Infinity":40,"f:125:2:125:14":7,"s:126:4:126:Infinity":41,"s:127:4:127:Infinity":42,"s:128:4:128:Infinity":43,"s:129:4:129:Infinity":44,"f:141:22:141:Infinity":8,"s:146:14:146:Infinity":45,"s:147:2:147:Infinity":46,"f:156:22:156:Infinity":9,"s:161:14:161:Infinity":47,"s:162:2:162:Infinity":48,"f:171:22:171:29":10,"s:172:14:172:Infinity":49,"s:173:2:173:Infinity":50,"f:182:22:182:Infinity":11,"s:187:14:187:Infinity":51,"s:188:2:188:Infinity":52},"fnNames":{}}}
,"F:\\Agent\\workbuddy\\workspace\\ShuqingBigDataPlatform\\frontend\\src\\api\\cluster.ts": {"path":"F:\\Agent\\workbuddy\\workspace\\ShuqingBigDataPlatform\\frontend\\src\\api\\cluster.ts","statementMap":{"0":{"start":{"line":8,"column":13},"end":{"line":8,"column":null}},"1":{"start":{"line":14,"column":2},"end":{"line":14,"column":null}},"2":{"start":{"line":21,"column":2},"end":{"line":21,"column":null}},"3":{"start":{"line":29,"column":42},"end":{"line":29,"column":null}},"4":{"start":{"line":30,"column":2},"end":{"line":30,"column":null}},"5":{"start":{"line":30,"column":17},"end":{"line":30,"column":null}},"6":{"start":{"line":31,"column":2},"end":{"line":31,"column":null}}},"fnMap":{"0":{"name":"getClusterOverview","decl":{"start":{"line":13,"column":16},"end":{"line":13,"column":63}},"loc":{"start":{"line":13,"column":63},"end":{"line":15,"column":null}},"line":13},"1":{"name":"listNodes","decl":{"start":{"line":20,"column":16},"end":{"line":20,"column":45}},"loc":{"start":{"line":20,"column":45},"end":{"line":22,"column":null}},"line":20},"2":{"name":"listPods","decl":{"start":{"line":28,"column":16},"end":{"line":28,"column":25}},"loc":{"start":{"line":28,"column":61},"end":{"line":32,"column":null}},"line":28}},"branchMap":{"0":{"loc":{"start":{"line":30,"column":2},"end":{"line":30,"column":null}},"type":"if","locations":[{"start":{"line":30,"column":2},"end":{"line":30,"column":null}},{"start":{},"end":{}}],"line":30}},"s":{"0":1,"1":1,"2":1,"3":2,"4":2,"5":1,"6":2},"f":{"0":1,"1":1,"2":2},"b":{"0":[1,1]},"meta":{"lastBranch":1,"lastFunction":3,"lastStatement":7,"seen":{"s:8:13:8:Infinity":0,"f:13:16:13:63":0,"s:14:2:14:Infinity":1,"f:20:16:20:45":1,"s:21:2:21:Infinity":2,"f:28:16:28:25":2,"s:29:42:29:Infinity":3,"b:30:2:30:Infinity:undefined:undefined:undefined:undefined":0,"s:30:2:30:Infinity":4,"s:30:17:30:Infinity":5,"s:31:2:31:Infinity":6},"fnNames":{}}}
,"F:\\Agent\\workbuddy\\workspace\\ShuqingBigDataPlatform\\frontend\\src\\api\\datasource.ts": {"path":"F:\\Agent\\workbuddy\\workspace\\ShuqingBigDataPlatform\\frontend\\src\\api\\datasource.ts","statementMap":{"0":{"start":{"line":79,"column":13},"end":{"line":79,"column":null}},"1":{"start":{"line":86,"column":2},"end":{"line":86,"column":null}},"2":{"start":{"line":94,"column":2},"end":{"line":94,"column":null}},"3":{"start":{"line":102,"column":2},"end":{"line":102,"column":null}},"4":{"start":{"line":114,"column":2},"end":{"line":114,"column":null}},"5":{"start":{"line":122,"column":2},"end":{"line":122,"column":null}},"6":{"start":{"line":130,"column":2},"end":{"line":130,"column":null}}},"fnMap":{"0":{"name":"listDataSources","decl":{"start":{"line":85,"column":16},"end":{"line":85,"column":32}},"loc":{"start":{"line":85,"column":96},"end":{"line":87,"column":null}},"line":85},"1":{"name":"getDataSource","decl":{"start":{"line":93,"column":16},"end":{"line":93,"column":30}},"loc":{"start":{"line":93,"column":63},"end":{"line":95,"column":null}},"line":93},"2":{"name":"createDataSource","decl":{"start":{"line":101,"column":16},"end":{"line":101,"column":33}},"loc":{"start":{"line":101,"column":82},"end":{"line":103,"column":null}},"line":101},"3":{"name":"updateDataSource","decl":{"start":{"line":110,"column":16},"end":{"line":110,"column":null}},"loc":{"start":{"line":113,"column":23},"end":{"line":115,"column":null}},"line":113},"4":{"name":"deleteDataSource","decl":{"start":{"line":121,"column":16},"end":{"line":121,"column":33}},"loc":{"start":{"line":121,"column":60},"end":{"line":123,"column":null}},"line":121},"5":{"name":"testDataSource","decl":{"start":{"line":129,"column":16},"end":{"line":129,"column":31}},"loc":{"start":{"line":129,"column":64},"end":{"line":131,"column":null}},"line":129}},"branchMap":{},"s":{"0":1,"1":2,"2":1,"3":1,"4":1,"5":1,"6":1},"f":{"0":2,"1":1,"2":1,"3":1,"4":1,"5":1},"b":{},"meta":{"lastBranch":0,"lastFunction":6,"lastStatement":7,"seen":{"s:79:13:79:Infinity":0,"f:85:16:85:32":0,"s:86:2:86:Infinity":1,"f:93:16:93:30":1,"s:94:2:94:Infinity":2,"f:101:16:101:33":2,"s:102:2:102:Infinity":3,"f:110:16:110:Infinity":3,"s:114:2:114:Infinity":4,"f:121:16:121:33":4,"s:122:2:122:Infinity":5,"f:129:16:129:31":5,"s:130:2:130:Infinity":6},"fnNames":{}}}
,"F:\\Agent\\workbuddy\\workspace\\ShuqingBigDataPlatform\\frontend\\src\\api\\job.ts": {"path":"F:\\Agent\\workbuddy\\workspace\\ShuqingBigDataPlatform\\frontend\\src\\api\\job.ts","statementMap":{"0":{"start":{"line":8,"column":13},"end":{"line":8,"column":null}},"1":{"start":{"line":15,"column":2},"end":{"line":15,"column":null}},"2":{"start":{"line":23,"column":2},"end":{"line":23,"column":null}},"3":{"start":{"line":31,"column":2},"end":{"line":31,"column":null}},"4":{"start":{"line":39,"column":2},"end":{"line":39,"column":null}},"5":{"start":{"line":47,"column":2},"end":{"line":47,"column":null}},"6":{"start":{"line":55,"column":2},"end":{"line":55,"column":null}},"7":{"start":{"line":63,"column":2},"end":{"line":63,"column":null}}},"fnMap":{"0":{"name":"listJobs","decl":{"start":{"line":14,"column":16},"end":{"line":14,"column":25}},"loc":{"start":{"line":14,"column":75},"end":{"line":16,"column":null}},"line":14},"1":{"name":"getJob","decl":{"start":{"line":22,"column":16},"end":{"line":22,"column":23}},"loc":{"start":{"line":22,"column":49},"end":{"line":24,"column":null}},"line":22},"2":{"name":"submitJob","decl":{"start":{"line":30,"column":16},"end":{"line":30,"column":26}},"loc":{"start":{"line":30,"column":63},"end":{"line":32,"column":null}},"line":30},"3":{"name":"cancelJob","decl":{"start":{"line":38,"column":16},"end":{"line":38,"column":26}},"loc":{"start":{"line":38,"column":53},"end":{"line":40,"column":null}},"line":38},"4":{"name":"deleteJob","decl":{"start":{"line":46,"column":16},"end":{"line":46,"column":26}},"loc":{"start":{"line":46,"column":53},"end":{"line":48,"column":null}},"line":46},"5":{"name":"getJobLogs","decl":{"start":{"line":54,"column":16},"end":{"line":54,"column":27}},"loc":{"start":{"line":54,"column":56},"end":{"line":56,"column":null}},"line":54},"6":{"name":"getJobStatus","decl":{"start":{"line":62,"column":16},"end":{"line":62,"column":29}},"loc":{"start":{"line":62,"column":92},"end":{"line":64,"column":null}},"line":62}},"branchMap":{},"s":{"0":1,"1":2,"2":1,"3":1,"4":1,"5":1,"6":1,"7":1},"f":{"0":2,"1":1,"2":1,"3":1,"4":1,"5":1,"6":1},"b":{},"meta":{"lastBranch":0,"lastFunction":7,"lastStatement":8,"seen":{"s:8:13:8:Infinity":0,"f:14:16:14:25":0,"s:15:2:15:Infinity":1,"f:22:16:22:23":1,"s:23:2:23:Infinity":2,"f:30:16:30:26":2,"s:31:2:31:Infinity":3,"f:38:16:38:26":3,"s:39:2:39:Infinity":4,"f:46:16:46:26":4,"s:47:2:47:Infinity":5,"f:54:16:54:27":5,"s:55:2:55:Infinity":6,"f:62:16:62:29":6,"s:63:2:63:Infinity":7},"fnNames":{}}}
,"F:\\Agent\\workbuddy\\workspace\\ShuqingBigDataPlatform\\frontend\\src\\api\\tenant.ts": {"path":"F:\\Agent\\workbuddy\\workspace\\ShuqingBigDataPlatform\\frontend\\src\\api\\tenant.ts","statementMap":{"0":{"start":{"line":14,"column":13},"end":{"line":14,"column":null}},"1":{"start":{"line":21,"column":2},"end":{"line":21,"column":null}},"2":{"start":{"line":28,"column":2},"end":{"line":28,"column":null}},"3":{"start":{"line":36,"column":2},"end":{"line":36,"column":null}},"4":{"start":{"line":44,"column":2},"end":{"line":44,"column":null}},"5":{"start":{"line":53,"column":2},"end":{"line":53,"column":null}},"6":{"start":{"line":61,"column":2},"end":{"line":61,"column":null}}},"fnMap":{"0":{"name":"listTenants","decl":{"start":{"line":20,"column":16},"end":{"line":20,"column":28}},"loc":{"start":{"line":20,"column":84},"end":{"line":22,"column":null}},"line":20},"1":{"name":"listAllTenants","decl":{"start":{"line":27,"column":16},"end":{"line":27,"column":52}},"loc":{"start":{"line":27,"column":52},"end":{"line":29,"column":null}},"line":27},"2":{"name":"getTenant","decl":{"start":{"line":35,"column":16},"end":{"line":35,"column":26}},"loc":{"start":{"line":35,"column":55},"end":{"line":37,"column":null}},"line":35},"3":{"name":"createTenant","decl":{"start":{"line":43,"column":16},"end":{"line":43,"column":29}},"loc":{"start":{"line":43,"column":72},"end":{"line":45,"column":null}},"line":43},"4":{"name":"updateTenant","decl":{"start":{"line":52,"column":16},"end":{"line":52,"column":29}},"loc":{"start":{"line":52,"column":84},"end":{"line":54,"column":null}},"line":52},"5":{"name":"deleteTenant","decl":{"start":{"line":60,"column":16},"end":{"line":60,"column":29}},"loc":{"start":{"line":60,"column":56},"end":{"line":62,"column":null}},"line":60}},"branchMap":{},"s":{"0":1,"1":2,"2":1,"3":1,"4":1,"5":1,"6":1},"f":{"0":2,"1":1,"2":1,"3":1,"4":1,"5":1},"b":{},"meta":{"lastBranch":0,"lastFunction":6,"lastStatement":7,"seen":{"s:14:13:14:Infinity":0,"f:20:16:20:28":0,"s:21:2:21:Infinity":1,"f:27:16:27:52":1,"s:28:2:28:Infinity":2,"f:35:16:35:26":2,"s:36:2:36:Infinity":3,"f:43:16:43:29":3,"s:44:2:44:Infinity":4,"f:52:16:52:29":4,"s:53:2:53:Infinity":5,"f:60:16:60:29":5,"s:61:2:61:Infinity":6},"fnNames":{}}}
,"F:\\Agent\\workbuddy\\workspace\\ShuqingBigDataPlatform\\frontend\\src\\stores\\auth.ts": {"path":"F:\\Agent\\workbuddy\\workspace\\ShuqingBigDataPlatform\\frontend\\src\\stores\\auth.ts","statementMap":{"0":{"start":{"line":15,"column":18},"end":{"line":15,"column":null}},"1":{"start":{"line":16,"column":17},"end":{"line":16,"column":null}},"2":{"start":{"line":20,"column":2},"end":{"line":20,"column":null}},"3":{"start":{"line":25,"column":14},"end":{"line":25,"column":null}},"4":{"start":{"line":26,"column":2},"end":{"line":26,"column":null}},"5":{"start":{"line":26,"column":12},"end":{"line":26,"column":null}},"6":{"start":{"line":27,"column":2},"end":{"line":31,"column":null}},"7":{"start":{"line":28,"column":4},"end":{"line":28,"column":null}},"8":{"start":{"line":30,"column":4},"end":{"line":30,"column":null}},"9":{"start":{"line":34,"column":13},"end":{"line":82,"column":null}},"10":{"start":{"line":36,"column":8},"end":{"line":36,"column":null}},"11":{"start":{"line":37,"column":8},"end":{"line":37,"column":null}},"12":{"start":{"line":40,"column":8},"end":{"line":40,"column":null}},"13":{"start":{"line":40,"column":41},"end":{"line":40,"column":54}},"14":{"start":{"line":49,"column":32},"end":{"line":49,"column":null}},"15":{"start":{"line":50,"column":19},"end":{"line":50,"column":null}},"16":{"start":{"line":52,"column":4},"end":{"line":52,"column":null}},"17":{"start":{"line":53,"column":4},"end":{"line":53,"column":null}},"18":{"start":{"line":54,"column":4},"end":{"line":54,"column":null}},"19":{"start":{"line":55,"column":4},"end":{"line":55,"column":null}},"20":{"start":{"line":57,"column":4},"end":{"line":57,"column":null}},"21":{"start":{"line":62,"column":4},"end":{"line":62,"column":null}},"22":{"start":{"line":63,"column":4},"end":{"line":63,"column":null}},"23":{"start":{"line":64,"column":4},"end":{"line":64,"column":null}},"24":{"start":{"line":65,"column":4},"end":{"line":65,"column":null}},"25":{"start":{"line":70,"column":4},"end":{"line":70,"column":null}},"26":{"start":{"line":71,"column":4},"end":{"line":71,"column":null}},"27":{"start":{"line":74,"column":2},"end":{"line":81,"column":null}}},"fnMap":{"0":{"name":"loadToken","decl":{"start":{"line":19,"column":9},"end":{"line":19,"column":36}},"loc":{"start":{"line":19,"column":36},"end":{"line":21,"column":null}},"line":19},"1":{"name":"loadUser","decl":{"start":{"line":24,"column":9},"end":{"line":24,"column":33}},"loc":{"start":{"line":24,"column":33},"end":{"line":32,"column":null}},"line":24},"2":{"name":"(anonymous_2)","decl":{"start":{"line":34,"column":48},"end":{"line":34,"column":54}},"loc":{"start":{"line":34,"column":54},"end":{"line":82,"column":1}},"line":34},"3":{"name":"(anonymous_3)","decl":{"start":{"line":40,"column":35},"end":{"line":40,"column":41}},"loc":{"start":{"line":40,"column":41},"end":{"line":40,"column":54}},"line":40},"4":{"name":"login","decl":{"start":{"line":48,"column":17},"end":{"line":48,"column":23}},"loc":{"start":{"line":48,"column":99},"end":{"line":58,"column":null}},"line":48},"5":{"name":"logout","decl":{"start":{"line":61,"column":11},"end":{"line":61,"column":26}},"loc":{"start":{"line":61,"column":26},"end":{"line":66,"column":null}},"line":61},"6":{"name":"setUser","decl":{"start":{"line":69,"column":11},"end":{"line":69,"column":19}},"loc":{"start":{"line":69,"column":34},"end":{"line":72,"column":null}},"line":69}},"branchMap":{"0":{"loc":{"start":{"line":26,"column":2},"end":{"line":26,"column":null}},"type":"if","locations":[{"start":{"line":26,"column":2},"end":{"line":26,"column":null}},{"start":{},"end":{}}],"line":26}},"s":{"0":1,"1":1,"2":7,"3":7,"4":7,"5":7,"6":0,"7":0,"8":0,"9":1,"10":7,"11":7,"12":7,"13":4,"14":6,"15":6,"16":6,"17":6,"18":6,"19":6,"20":6,"21":2,"22":2,"23":2,"24":2,"25":1,"26":1,"27":7},"f":{"0":7,"1":7,"2":7,"3":4,"4":6,"5":2,"6":1},"b":{"0":[7,0]},"meta":{"lastBranch":1,"lastFunction":7,"lastStatement":28,"seen":{"s:15:18:15:Infinity":0,"s:16:17:16:Infinity":1,"f:19:9:19:36":0,"s:20:2:20:Infinity":2,"f:24:9:24:33":1,"s:25:14:25:Infinity":3,"b:26:2:26:Infinity:undefined:undefined:undefined:undefined":0,"s:26:2:26:Infinity":4,"s:26:12:26:Infinity":5,"s:27:2:31:Infinity":6,"s:28:4:28:Infinity":7,"s:30:4:30:Infinity":8,"s:34:13:82:Infinity":9,"f:34:48:34:54":2,"s:36:8:36:Infinity":10,"s:37:8:37:Infinity":11,"s:40:8:40:Infinity":12,"f:40:35:40:41":3,"s:40:41:40:54":13,"f:48:17:48:23":4,"s:49:32:49:Infinity":14,"s:50:19:50:Infinity":15,"s:52:4:52:Infinity":16,"s:53:4:53:Infinity":17,"s:54:4:54:Infinity":18,"s:55:4:55:Infinity":19,"s:57:4:57:Infinity":20,"f:61:11:61:26":5,"s:62:4:62:Infinity":21,"s:63:4:63:Infinity":22,"s:64:4:64:Infinity":23,"s:65:4:65:Infinity":24,"f:69:11:69:19":6,"s:70:4:70:Infinity":25,"s:71:4:71:Infinity":26,"s:74:2:81:Infinity":27},"fnNames":{}}}
,"F:\\Agent\\workbuddy\\workspace\\ShuqingBigDataPlatform\\frontend\\src\\stores\\tenant.ts": {"path":"F:\\Agent\\workbuddy\\workspace\\ShuqingBigDataPlatform\\frontend\\src\\stores\\tenant.ts","statementMap":{"0":{"start":{"line":14,"column":27},"end":{"line":14,"column":null}},"1":{"start":{"line":18,"column":2},"end":{"line":18,"column":null}},"2":{"start":{"line":21,"column":13},"end":{"line":84,"column":null}},"3":{"start":{"line":23,"column":8},"end":{"line":23,"column":null}},"4":{"start":{"line":25,"column":8},"end":{"line":25,"column":null}},"5":{"start":{"line":27,"column":8},"end":{"line":27,"column":null}},"6":{"start":{"line":29,"column":8},"end":{"line":29,"column":null}},"7":{"start":{"line":36,"column":4},"end":{"line":36,"column":null}},"8":{"start":{"line":36,"column":44},"end":{"line":36,"column":null}},"9":{"start":{"line":37,"column":4},"end":{"line":37,"column":null}},"10":{"start":{"line":38,"column":4},"end":{"line":38,"column":null}},"11":{"start":{"line":39,"column":4},"end":{"line":52,"column":null}},"12":{"start":{"line":40,"column":21},"end":{"line":40,"column":null}},"13":{"start":{"line":41,"column":6},"end":{"line":41,"column":null}},"14":{"start":{"line":43,"column":6},"end":{"line":47,"column":null}},"15":{"start":{"line":44,"column":24},"end":{"line":44,"column":null}},"16":{"start":{"line":45,"column":24},"end":{"line":45,"column":null}},"17":{"start":{"line":45,"column":53},"end":{"line":45,"column":69}},"18":{"start":{"line":46,"column":8},"end":{"line":46,"column":null}},"19":{"start":{"line":49,"column":6},"end":{"line":49,"column":null}},"20":{"start":{"line":51,"column":6},"end":{"line":51,"column":null}},"21":{"start":{"line":60,"column":19},"end":{"line":60,"column":null}},"22":{"start":{"line":60,"column":45},"end":{"line":60,"column":56}},"23":{"start":{"line":61,"column":4},"end":{"line":64,"column":null}},"24":{"start":{"line":62,"column":6},"end":{"line":62,"column":null}},"25":{"start":{"line":63,"column":6},"end":{"line":63,"column":null}},"26":{"start":{"line":69,"column":4},"end":{"line":69,"column":null}},"27":{"start":{"line":70,"column":4},"end":{"line":70,"column":null}},"28":{"start":{"line":71,"column":4},"end":{"line":71,"column":null}},"29":{"start":{"line":72,"column":4},"end":{"line":72,"column":null}},"30":{"start":{"line":75,"column":2},"end":{"line":83,"column":null}}},"fnMap":{"0":{"name":"loadCurrentTenantId","decl":{"start":{"line":17,"column":9},"end":{"line":17,"column":46}},"loc":{"start":{"line":17,"column":46},"end":{"line":19,"column":null}},"line":17},"1":{"name":"(anonymous_1)","decl":{"start":{"line":21,"column":52},"end":{"line":21,"column":58}},"loc":{"start":{"line":21,"column":58},"end":{"line":84,"column":1}},"line":21},"2":{"name":"fetchTenants","decl":{"start":{"line":35,"column":17},"end":{"line":35,"column":30}},"loc":{"start":{"line":35,"column":60},"end":{"line":53,"column":null}},"line":35},"3":{"name":"(anonymous_3)","decl":{"start":{"line":45,"column":46},"end":{"line":45,"column":47}},"loc":{"start":{"line":45,"column":53},"end":{"line":45,"column":69}},"line":45},"4":{"name":"selectTenant","decl":{"start":{"line":59,"column":11},"end":{"line":59,"column":24}},"loc":{"start":{"line":59,"column":42},"end":{"line":65,"column":null}},"line":59},"5":{"name":"(anonymous_5)","decl":{"start":{"line":60,"column":38},"end":{"line":60,"column":39}},"loc":{"start":{"line":60,"column":45},"end":{"line":60,"column":56}},"line":60},"6":{"name":"reset","decl":{"start":{"line":68,"column":11},"end":{"line":68,"column":25}},"loc":{"start":{"line":68,"column":25},"end":{"line":73,"column":null}},"line":68}},"branchMap":{"0":{"loc":{"start":{"line":35,"column":30},"end":{"line":35,"column":60}},"type":"default-arg","locations":[{"start":{"line":35,"column":38},"end":{"line":35,"column":60}}],"line":35},"1":{"loc":{"start":{"line":36,"column":4},"end":{"line":36,"column":null}},"type":"if","locations":[{"start":{"line":36,"column":4},"end":{"line":36,"column":null}},{"start":{},"end":{}}],"line":36},"2":{"loc":{"start":{"line":36,"column":8},"end":{"line":36,"column":44}},"type":"binary-expr","locations":[{"start":{"line":36,"column":8},"end":{"line":36,"column":18}},{"start":{"line":36,"column":18},"end":{"line":36,"column":44}}],"line":36},"3":{"loc":{"start":{"line":43,"column":6},"end":{"line":47,"column":null}},"type":"if","locations":[{"start":{"line":43,"column":6},"end":{"line":47,"column":null}},{"start":{},"end":{}}],"line":43},"4":{"loc":{"start":{"line":45,"column":24},"end":{"line":45,"column":null}},"type":"cond-expr","locations":[{"start":{"line":45,"column":34},"end":{"line":45,"column":73}},{"start":{"line":45,"column":73},"end":{"line":45,"column":null}}],"line":45},"5":{"loc":{"start":{"line":46,"column":30},"end":{"line":46,"column":null}},"type":"binary-expr","locations":[{"start":{"line":46,"column":30},"end":{"line":46,"column":41}},{"start":{"line":46,"column":41},"end":{"line":46,"column":54}},{"start":{"line":46,"column":54},"end":{"line":46,"column":null}}],"line":46},"6":{"loc":{"start":{"line":49,"column":21},"end":{"line":49,"column":null}},"type":"binary-expr","locations":[{"start":{"line":49,"column":21},"end":{"line":49,"column":44}},{"start":{"line":49,"column":44},"end":{"line":49,"column":null}}],"line":49},"7":{"loc":{"start":{"line":60,"column":19},"end":{"line":60,"column":null}},"type":"binary-expr","locations":[{"start":{"line":60,"column":19},"end":{"line":60,"column":61}},{"start":{"line":60,"column":61},"end":{"line":60,"column":null}}],"line":60},"8":{"loc":{"start":{"line":61,"column":4},"end":{"line":64,"column":null}},"type":"if","locations":[{"start":{"line":61,"column":4},"end":{"line":64,"column":null}},{"start":{},"end":{}}],"line":61}},"s":{"0":1,"1":7,"2":1,"3":9,"4":9,"5":9,"6":9,"7":9,"8":1,"9":8,"10":8,"11":8,"12":8,"13":7,"14":7,"15":7,"16":7,"17":0,"18":7,"19":1,"20":8,"21":3,"22":6,"23":3,"24":2,"25":2,"26":1,"27":1,"28":1,"29":1,"30":9},"f":{"0":7,"1":9,"2":9,"3":0,"4":3,"5":6,"6":1},"b":{"0":[9],"1":[1,8],"2":[9,1],"3":[7,0],"4":[0,7],"5":[7,7,0],"6":[1,0],"7":[3,1],"8":[2,1]},"meta":{"lastBranch":9,"lastFunction":7,"lastStatement":31,"seen":{"s:14:27:14:Infinity":0,"f:17:9:17:46":0,"s:18:2:18:Infinity":1,"s:21:13:84:Infinity":2,"f:21:52:21:58":1,"s:23:8:23:Infinity":3,"s:25:8:25:Infinity":4,"s:27:8:27:Infinity":5,"s:29:8:29:Infinity":6,"f:35:17:35:30":2,"b:35:38:35:60":0,"b:36:4:36:Infinity:undefined:undefined:undefined:undefined":1,"s:36:4:36:Infinity":7,"b:36:8:36:18:36:18:36:44":2,"s:36:44:36:Infinity":8,"s:37:4:37:Infinity":9,"s:38:4:38:Infinity":10,"s:39:4:52:Infinity":11,"s:40:21:40:Infinity":12,"s:41:6:41:Infinity":13,"b:43:6:47:Infinity:undefined:undefined:undefined:undefined":3,"s:43:6:47:Infinity":14,"s:44:24:44:Infinity":15,"s:45:24:45:Infinity":16,"b:45:34:45:73:45:73:45:Infinity":4,"f:45:46:45:47":3,"s:45:53:45:69":17,"s:46:8:46:Infinity":18,"b:46:30:46:41:46:41:46:54:46:54:46:Infinity":5,"s:49:6:49:Infinity":19,"b:49:21:49:44:49:44:49:Infinity":6,"s:51:6:51:Infinity":20,"f:59:11:59:24":4,"s:60:19:60:Infinity":21,"b:60:19:60:61:60:61:60:Infinity":7,"f:60:38:60:39":5,"s:60:45:60:56":22,"b:61:4:64:Infinity:undefined:undefined:undefined:undefined":8,"s:61:4:64:Infinity":23,"s:62:6:62:Infinity":24,"s:63:6:63:Infinity":25,"f:68:11:68:25":6,"s:69:4:69:Infinity":26,"s:70:4:70:Infinity":27,"s:71:4:71:Infinity":28,"s:72:4:72:Infinity":29,"s:75:2:83:Infinity":30},"fnNames":{}}}
,"F:\\Agent\\workbuddy\\workspace\\ShuqingBigDataPlatform\\frontend\\src\\views\\ClusterOverview.vue": {"path":"F:\\Agent\\workbuddy\\workspace\\ShuqingBigDataPlatform\\frontend\\src\\views\\ClusterOverview.vue","statementMap":{"0":{"start":{"line":167,"column":6},"end":{"line":167,"column":null}},"1":{"start":{"line":168,"column":6},"end":{"line":168,"column":null}},"2":{"start":{"line":172,"column":2},"end":{"line":172,"column":null}},"3":{"start":{"line":173,"column":2},"end":{"line":183,"column":null}},"4":{"start":{"line":174,"column":17},"end":{"line":174,"column":null}},"5":{"start":{"line":175,"column":4},"end":{"line":175,"column":null}},"6":{"start":{"line":177,"column":4},"end":{"line":177,"column":null}},"7":{"start":{"line":178,"column":4},"end":{"line":178,"column":null}},"8":{"start":{"line":180,"column":4},"end":{"line":180,"column":null}},"9":{"start":{"line":182,"column":4},"end":{"line":182,"column":null}},"10":{"start":{"line":187,"column":6},"end":{"line":191,"column":null}},"11":{"start":{"line":188,"column":2},"end":{"line":188,"column":null}},"12":{"start":{"line":188,"column":23},"end":{"line":188,"column":null}},"13":{"start":{"line":189,"column":14},"end":{"line":189,"column":null}},"14":{"start":{"line":190,"column":2},"end":{"line":190,"column":null}},"15":{"start":{"line":194,"column":6},"end":{"line":198,"column":null}},"16":{"start":{"line":195,"column":2},"end":{"line":195,"column":null}},"17":{"start":{"line":195,"column":23},"end":{"line":195,"column":null}},"18":{"start":{"line":196,"column":14},"end":{"line":196,"column":null}},"19":{"start":{"line":197,"column":2},"end":{"line":197,"column":null}},"20":{"start":{"line":201,"column":6},"end":{"line":204,"column":null}},"21":{"start":{"line":202,"column":2},"end":{"line":202,"column":null}},"22":{"start":{"line":202,"column":52},"end":{"line":202,"column":null}},"23":{"start":{"line":203,"column":2},"end":{"line":203,"column":null}},"24":{"start":{"line":208,"column":6},"end":{"line":208,"column":null}},"25":{"start":{"line":209,"column":6},"end":{"line":209,"column":null}},"26":{"start":{"line":210,"column":6},"end":{"line":210,"column":null}},"27":{"start":{"line":214,"column":2},"end":{"line":214,"column":null}},"28":{"start":{"line":215,"column":2},"end":{"line":215,"column":null}},"29":{"start":{"line":216,"column":2},"end":{"line":223,"column":null}},"30":{"start":{"line":217,"column":4},"end":{"line":217,"column":null}},"31":{"start":{"line":219,"column":4},"end":{"line":219,"column":null}},"32":{"start":{"line":220,"column":4},"end":{"line":220,"column":null}},"33":{"start":{"line":222,"column":4},"end":{"line":222,"column":null}},"34":{"start":{"line":228,"column":2},"end":{"line":228,"column":null}},"35":{"start":{"line":228,"column":25},"end":{"line":228,"column":null}},"36":{"start":{"line":229,"column":2},"end":{"line":229,"column":null}},"37":{"start":{"line":234,"column":2},"end":{"line":234,"column":null}},"38":{"start":{"line":234,"column":25},"end":{"line":234,"column":null}},"39":{"start":{"line":235,"column":2},"end":{"line":235,"column":null}},"40":{"start":{"line":240,"column":6},"end":{"line":240,"column":null}},"41":{"start":{"line":241,"column":41},"end":{"line":241,"column":null}},"42":{"start":{"line":245,"column":2},"end":{"line":245,"column":null}},"43":{"start":{"line":245,"column":47},"end":{"line":245,"column":null}},"44":{"start":{"line":246,"column":2},"end":{"line":248,"column":null}},"45":{"start":{"line":247,"column":4},"end":{"line":247,"column":null}},"46":{"start":{"line":249,"column":15},"end":{"line":249,"column":null}},"47":{"start":{"line":250,"column":2},"end":{"line":309,"column":null}},"48":{"start":{"line":254,"column":19},"end":{"line":254,"column":null}},"49":{"start":{"line":255,"column":8},"end":{"line":257,"column":null}},"50":{"start":{"line":256,"column":10},"end":{"line":256,"column":null}},"51":{"start":{"line":258,"column":8},"end":{"line":258,"column":null}},"52":{"start":{"line":314,"column":2},"end":{"line":314,"column":null}},"53":{"start":{"line":326,"column":6},"end":{"line":339,"column":null}},"54":{"start":{"line":343,"column":14},"end":{"line":343,"column":null}},"55":{"start":{"line":344,"column":2},"end":{"line":344,"column":null}},"56":{"start":{"line":351,"column":42},"end":{"line":355,"column":null}},"57":{"start":{"line":356,"column":2},"end":{"line":356,"column":null}},"58":{"start":{"line":361,"column":65},"end":{"line":365,"column":null}},"59":{"start":{"line":366,"column":2},"end":{"line":366,"column":null}},"60":{"start":{"line":371,"column":2},"end":{"line":371,"column":null}},"61":{"start":{"line":371,"column":21},"end":{"line":371,"column":null}},"62":{"start":{"line":372,"column":2},"end":{"line":372,"column":null}},"63":{"start":{"line":372,"column":21},"end":{"line":372,"column":null}},"64":{"start":{"line":373,"column":2},"end":{"line":373,"column":null}},"65":{"start":{"line":378,"column":2},"end":{"line":378,"column":null}},"66":{"start":{"line":378,"column":24},"end":{"line":378,"column":null}},"67":{"start":{"line":379,"column":2},"end":{"line":379,"column":null}},"68":{"start":{"line":379,"column":24},"end":{"line":379,"column":null}},"69":{"start":{"line":380,"column":2},"end":{"line":380,"column":null}},"70":{"start":{"line":385,"column":0},"end":{"line":389,"column":null}},"71":{"start":{"line":386,"column":2},"end":{"line":386,"column":null}},"72":{"start":{"line":387,"column":2},"end":{"line":387,"column":null}},"73":{"start":{"line":388,"column":2},"end":{"line":388,"column":null}},"74":{"start":{"line":391,"column":0},"end":{"line":395,"column":null}},"75":{"start":{"line":392,"column":2},"end":{"line":392,"column":null}},"76":{"start":{"line":393,"column":2},"end":{"line":393,"column":null}},"77":{"start":{"line":394,"column":2},"end":{"line":394,"column":null}},"78":{"start":{"line":2,"column":7},"end":{"line":2,"column":null}},"79":{"start":{"line":10,"column":15},"end":{"line":10,"column":null}},"80":{"start":{"line":12,"column":17},"end":{"line":12,"column":39}},"81":{"start":{"line":13,"column":17},"end":{"line":13,"column":35}},"82":{"start":{"line":22,"column":15},"end":{"line":22,"column":null}},"83":{"start":{"line":24,"column":17},"end":{"line":24,"column":47}},"84":{"start":{"line":25,"column":17},"end":{"line":25,"column":35}},"85":{"start":{"line":31,"column":15},"end":{"line":31,"column":null}},"86":{"start":{"line":34,"column":17},"end":{"line":34,"column":null}},"87":{"start":{"line":42,"column":15},"end":{"line":42,"column":null}},"88":{"start":{"line":45,"column":17},"end":{"line":45,"column":null}},"89":{"start":{"line":56,"column":13},"end":{"line":56,"column":null}},"90":{"start":{"line":67,"column":13},"end":{"line":67,"column":null}},"91":{"start":{"line":103,"column":17},"end":{"line":103,"column":null}},"92":{"start":{"line":116,"column":17},"end":{"line":116,"column":null}},"93":{"start":{"line":144,"column":17},"end":{"line":144,"column":38}},"94":{"start":{"line":145,"column":17},"end":{"line":145,"column":null}},"95":{"start":{"line":149,"column":17},"end":{"line":149,"column":38}},"96":{"start":{"line":2,"column":2},"end":{"line":149,"column":56}},"97":{"start":{"line":19,"column":15},"end":{"line":41,"column":45}},"98":{"start":{"line":18,"column":18},"end":{"line":9,"column":45}},"99":{"start":{"line":17,"column":16},"end":{"line":15,"column":null}},"100":{"start":{"line":27,"column":18},"end":{"line":21,"column":45}},"101":{"start":{"line":26,"column":16},"end":{"line":25,"column":62}},"102":{"start":{"line":38,"column":18},"end":{"line":30,"column":45}},"103":{"start":{"line":37,"column":16},"end":{"line":36,"column":18}},"104":{"start":{"line":49,"column":18},"end":{"line":41,"column":45}},"105":{"start":{"line":48,"column":16},"end":{"line":47,"column":18}},"106":{"start":{"line":59,"column":14},"end":{"line":58,"column":75}},"107":{"start":{"line":58,"column":66},"end":{"line":58,"column":75}},"108":{"start":{"line":61,"column":85},"end":{"line":61,"column":59}},"109":{"start":{"line":70,"column":14},"end":{"line":69,"column":78}},"110":{"start":{"line":131,"column":17},"end":{"line":73,"column":null}},"111":{"start":{"line":79,"column":67},"end":{"line":130,"column":71}},"112":{"start":{"line":81,"column":35},"end":{"line":90,"column":24}},"113":{"start":{"line":82,"column":12},"end":{"line":90,"column":24}},"114":{"start":{"line":90,"column":24},"end":{"line":90,"column":24}},"115":{"start":{"line":95,"column":35},"end":{"line":97,"column":47}},"116":{"start":{"line":97,"column":47},"end":{"line":97,"column":47}},"117":{"start":{"line":102,"column":35},"end":{"line":109,"column":null}},"118":{"start":{"line":115,"column":35},"end":{"line":122,"column":null}},"119":{"start":{"line":128,"column":35},"end":{"line":128,"column":null}},"120":{"start":{"line":139,"column":14},"end":{"line":138,"column":30}},"121":{"start":{"line":152,"column":15},"end":{"line":149,"column":56}},"122":{"start":{"line":142,"column":42},"end":{"line":149,"column":56}},"123":{"start":{"line":142,"column":8},"end":{"line":149,"column":56}},"124":{"start":{"line":150,"column":16},"end":{"line":149,"column":56}}},"fnMap":{"0":{"name":"loadOverview","decl":{"start":{"line":171,"column":15},"end":{"line":171,"column":30}},"loc":{"start":{"line":171,"column":30},"end":{"line":184,"column":null}},"line":171},"1":{"name":"(anonymous_1)","decl":{"start":{"line":187,"column":28},"end":{"line":187,"column":34}},"loc":{"start":{"line":187,"column":34},"end":{"line":191,"column":1}},"line":187},"2":{"name":"(anonymous_2)","decl":{"start":{"line":194,"column":28},"end":{"line":194,"column":34}},"loc":{"start":{"line":194,"column":34},"end":{"line":198,"column":1}},"line":194},"3":{"name":"(anonymous_3)","decl":{"start":{"line":201,"column":28},"end":{"line":201,"column":34}},"loc":{"start":{"line":201,"column":34},"end":{"line":204,"column":1}},"line":201},"4":{"name":"loadNodes","decl":{"start":{"line":213,"column":15},"end":{"line":213,"column":27}},"loc":{"start":{"line":213,"column":27},"end":{"line":224,"column":null}},"line":213},"5":{"name":"nodeCpuPercent","decl":{"start":{"line":227,"column":9},"end":{"line":227,"column":24}},"loc":{"start":{"line":227,"column":44},"end":{"line":230,"column":null}},"line":227},"6":{"name":"nodeMemPercent","decl":{"start":{"line":233,"column":9},"end":{"line":233,"column":24}},"loc":{"start":{"line":233,"column":44},"end":{"line":236,"column":null}},"line":233},"7":{"name":"renderTrendChart","decl":{"start":{"line":244,"column":9},"end":{"line":244,"column":28}},"loc":{"start":{"line":244,"column":28},"end":{"line":310,"column":null}},"line":244},"8":{"name":"(anonymous_8)","decl":{"start":{"line":253,"column":17},"end":{"line":253,"column":18}},"loc":{"start":{"line":253,"column":34},"end":{"line":259,"column":null}},"line":253},"9":{"name":"(anonymous_9)","decl":{"start":{"line":255,"column":23},"end":{"line":255,"column":24}},"loc":{"start":{"line":255,"column":35},"end":{"line":257,"column":9}},"line":255},"10":{"name":"handleResize","decl":{"start":{"line":313,"column":9},"end":{"line":313,"column":24}},"loc":{"start":{"line":313,"column":24},"end":{"line":315,"column":null}},"line":313},"11":{"name":"compStatusLabel","decl":{"start":{"line":342,"column":9},"end":{"line":342,"column":25}},"loc":{"start":{"line":342,"column":68},"end":{"line":345,"column":null}},"line":342},"12":{"name":"nodeStatusLabel","decl":{"start":{"line":350,"column":9},"end":{"line":350,"column":25}},"loc":{"start":{"line":350,"column":53},"end":{"line":357,"column":null}},"line":350},"13":{"name":"nodeStatusType","decl":{"start":{"line":360,"column":9},"end":{"line":360,"column":24}},"loc":{"start":{"line":360,"column":75},"end":{"line":367,"column":null}},"line":360},"14":{"name":"usageLevel","decl":{"start":{"line":370,"column":9},"end":{"line":370,"column":20}},"loc":{"start":{"line":370,"column":45},"end":{"line":374,"column":null}},"line":370},"15":{"name":"usageColor","decl":{"start":{"line":377,"column":9},"end":{"line":377,"column":20}},"loc":{"start":{"line":377,"column":48},"end":{"line":381,"column":null}},"line":377},"16":{"name":"(anonymous_16)","decl":{"start":{"line":385,"column":10},"end":{"line":385,"column":16}},"loc":{"start":{"line":385,"column":16},"end":{"line":389,"column":1}},"line":385},"17":{"name":"(anonymous_17)","decl":{"start":{"line":391,"column":12},"end":{"line":391,"column":18}},"loc":{"start":{"line":391,"column":18},"end":{"line":395,"column":1}},"line":391},"18":{"name":"(anonymous_18)","decl":{"start":{"line":8,"column":6},"end":{"line":8,"column":15}},"loc":{"start":{"line":19,"column":15},"end":{"line":41,"column":45}},"line":19},"19":{"name":"(anonymous_19)","decl":{"start":{"line":9,"column":8},"end":{"line":9,"column":28}},"loc":{"start":{"line":18,"column":18},"end":{"line":9,"column":45}},"line":18},"20":{"name":"(anonymous_20)","decl":{"start":{"line":10,"column":10},"end":{"line":10,"column":15}},"loc":{"start":{"line":17,"column":16},"end":{"line":15,"column":null}},"line":17},"21":{"name":"(anonymous_21)","decl":{"start":{"line":21,"column":8},"end":{"line":21,"column":28}},"loc":{"start":{"line":27,"column":18},"end":{"line":21,"column":45}},"line":27},"22":{"name":"(anonymous_22)","decl":{"start":{"line":22,"column":10},"end":{"line":22,"column":15}},"loc":{"start":{"line":26,"column":16},"end":{"line":25,"column":62}},"line":26},"23":{"name":"(anonymous_23)","decl":{"start":{"line":30,"column":8},"end":{"line":30,"column":28}},"loc":{"start":{"line":38,"column":18},"end":{"line":30,"column":45}},"line":38},"24":{"name":"(anonymous_24)","decl":{"start":{"line":31,"column":10},"end":{"line":31,"column":15}},"loc":{"start":{"line":37,"column":16},"end":{"line":36,"column":18}},"line":37},"25":{"name":"(anonymous_25)","decl":{"start":{"line":41,"column":8},"end":{"line":41,"column":28}},"loc":{"start":{"line":49,"column":18},"end":{"line":41,"column":45}},"line":49},"26":{"name":"(anonymous_26)","decl":{"start":{"line":42,"column":10},"end":{"line":42,"column":15}},"loc":{"start":{"line":48,"column":16},"end":{"line":47,"column":18}},"line":48},"27":{"name":"(anonymous_27)","decl":{"start":{"line":56,"column":8},"end":{"line":56,"column":13}},"loc":{"start":{"line":59,"column":14},"end":{"line":58,"column":75}},"line":59},"28":{"name":"(anonymous_28)","decl":{"start":{"line":58,"column":58},"end":{"line":58,"column":66}},"loc":{"start":{"line":58,"column":66},"end":{"line":58,"column":75}},"line":58},"29":{"name":"(anonymous_29)","decl":{"start":{"line":61,"column":6},"end":{"line":61,"column":11}},"loc":{"start":{"line":61,"column":85},"end":{"line":61,"column":59}},"line":61},"30":{"name":"(anonymous_30)","decl":{"start":{"line":67,"column":8},"end":{"line":67,"column":13}},"loc":{"start":{"line":70,"column":14},"end":{"line":69,"column":78}},"line":70},"31":{"name":"(anonymous_31)","decl":{"start":{"line":72,"column":6},"end":{"line":72,"column":null}},"loc":{"start":{"line":131,"column":17},"end":{"line":73,"column":null}},"line":131},"32":{"name":"(anonymous_32)","decl":{"start":{"line":79,"column":8},"end":{"line":79,"column":25}},"loc":{"start":{"line":79,"column":67},"end":{"line":130,"column":71}},"line":79},"33":{"name":"(anonymous_33)","decl":{"start":{"line":83,"column":14},"end":{"line":83,"column":21}},"loc":{"start":{"line":81,"column":35},"end":{"line":90,"column":24}},"line":81},"34":{"name":"(anonymous_34)","decl":{"start":{"line":83,"column":38},"end":{"line":83,"column":39}},"loc":{"start":{"line":83,"column":25},"end":{"line":90,"column":24}},"line":83},"35":{"name":"(anonymous_35)","decl":{"start":{"line":90,"column":14},"end":{"line":90,"column":17}},"loc":{"start":{"line":90,"column":24},"end":{"line":90,"column":24}},"line":90},"36":{"name":"(anonymous_36)","decl":{"start":{"line":96,"column":12},"end":{"line":96,"column":21}},"loc":{"start":{"line":95,"column":35},"end":{"line":97,"column":47}},"line":95},"37":{"name":"(anonymous_37)","decl":{"start":{"line":97,"column":14},"end":{"line":97,"column":17}},"loc":{"start":{"line":97,"column":47},"end":{"line":97,"column":47}},"line":97},"38":{"name":"(anonymous_38)","decl":{"start":{"line":103,"column":12},"end":{"line":103,"column":17}},"loc":{"start":{"line":102,"column":35},"end":{"line":109,"column":null}},"line":102},"39":{"name":"(anonymous_39)","decl":{"start":{"line":116,"column":12},"end":{"line":116,"column":17}},"loc":{"start":{"line":115,"column":35},"end":{"line":122,"column":null}},"line":115},"40":{"name":"(anonymous_40)","decl":{"start":{"line":128,"column":39},"end":{"line":128,"column":42}},"loc":{"start":{"line":128,"column":35},"end":{"line":128,"column":null}},"line":128},"41":{"name":"(anonymous_41)","decl":{"start":{"line":137,"column":8},"end":{"line":137,"column":13}},"loc":{"start":{"line":139,"column":14},"end":{"line":138,"column":30}},"line":139},"42":{"name":"(anonymous_42)","decl":{"start":{"line":141,"column":6},"end":{"line":141,"column":15}},"loc":{"start":{"line":152,"column":15},"end":{"line":149,"column":56}},"line":152},"43":{"name":"(anonymous_43)","decl":{"start":{"line":142,"column":16},"end":{"line":142,"column":23}},"loc":{"start":{"line":142,"column":42},"end":{"line":149,"column":56}},"line":142},"44":{"name":"(anonymous_44)","decl":{"start":{"line":142,"column":41},"end":{"line":142,"column":42}},"loc":{"start":{"line":142,"column":27},"end":{"line":149,"column":56}},"line":142},"45":{"name":"(anonymous_45)","decl":{"start":{"line":143,"column":10},"end":{"line":143,"column":15}},"loc":{"start":{"line":150,"column":16},"end":{"line":149,"column":56}},"line":150}},"branchMap":{"0":{"loc":{"start":{"line":188,"column":2},"end":{"line":188,"column":null}},"type":"if","locations":[{"start":{"line":188,"column":2},"end":{"line":188,"column":null}},{"start":{},"end":{}}],"line":188},"1":{"loc":{"start":{"line":189,"column":14},"end":{"line":189,"column":null}},"type":"binary-expr","locations":[{"start":{"line":189,"column":14},"end":{"line":189,"column":44}},{"start":{"line":189,"column":44},"end":{"line":189,"column":null}}],"line":189},"2":{"loc":{"start":{"line":195,"column":2},"end":{"line":195,"column":null}},"type":"if","locations":[{"start":{"line":195,"column":2},"end":{"line":195,"column":null}},{"start":{},"end":{}}],"line":195},"3":{"loc":{"start":{"line":196,"column":14},"end":{"line":196,"column":null}},"type":"binary-expr","locations":[{"start":{"line":196,"column":14},"end":{"line":196,"column":44}},{"start":{"line":196,"column":44},"end":{"line":196,"column":null}}],"line":196},"4":{"loc":{"start":{"line":202,"column":2},"end":{"line":202,"column":null}},"type":"if","locations":[{"start":{"line":202,"column":2},"end":{"line":202,"column":null}},{"start":{},"end":{}}],"line":202},"5":{"loc":{"start":{"line":202,"column":6},"end":{"line":202,"column":52}},"type":"binary-expr","locations":[{"start":{"line":202,"column":6},"end":{"line":202,"column":25}},{"start":{"line":202,"column":25},"end":{"line":202,"column":52}}],"line":202},"6":{"loc":{"start":{"line":228,"column":2},"end":{"line":228,"column":null}},"type":"if","locations":[{"start":{"line":228,"column":2},"end":{"line":228,"column":null}},{"start":{},"end":{}}],"line":228},"7":{"loc":{"start":{"line":234,"column":2},"end":{"line":234,"column":null}},"type":"if","locations":[{"start":{"line":234,"column":2},"end":{"line":234,"column":null}},{"start":{},"end":{}}],"line":234},"8":{"loc":{"start":{"line":245,"column":2},"end":{"line":245,"column":null}},"type":"if","locations":[{"start":{"line":245,"column":2},"end":{"line":245,"column":null}},{"start":{},"end":{}}],"line":245},"9":{"loc":{"start":{"line":245,"column":6},"end":{"line":245,"column":47}},"type":"binary-expr","locations":[{"start":{"line":245,"column":6},"end":{"line":245,"column":30}},{"start":{"line":245,"column":30},"end":{"line":245,"column":47}}],"line":245},"10":{"loc":{"start":{"line":246,"column":2},"end":{"line":248,"column":null}},"type":"if","locations":[{"start":{"line":246,"column":2},"end":{"line":248,"column":null}},{"start":{},"end":{}}],"line":246},"11":{"loc":{"start":{"line":356,"column":9},"end":{"line":356,"column":null}},"type":"binary-expr","locations":[{"start":{"line":356,"column":9},"end":{"line":356,"column":24}},{"start":{"line":356,"column":24},"end":{"line":356,"column":null}}],"line":356},"12":{"loc":{"start":{"line":366,"column":9},"end":{"line":366,"column":null}},"type":"binary-expr","locations":[{"start":{"line":366,"column":9},"end":{"line":366,"column":24}},{"start":{"line":366,"column":24},"end":{"line":366,"column":null}}],"line":366},"13":{"loc":{"start":{"line":371,"column":2},"end":{"line":371,"column":null}},"type":"if","locations":[{"start":{"line":371,"column":2},"end":{"line":371,"column":null}},{"start":{},"end":{}}],"line":371},"14":{"loc":{"start":{"line":372,"column":2},"end":{"line":372,"column":null}},"type":"if","locations":[{"start":{"line":372,"column":2},"end":{"line":372,"column":null}},{"start":{},"end":{}}],"line":372},"15":{"loc":{"start":{"line":378,"column":2},"end":{"line":378,"column":null}},"type":"if","locations":[{"start":{"line":378,"column":2},"end":{"line":378,"column":null}},{"start":{},"end":{}}],"line":378},"16":{"loc":{"start":{"line":379,"column":2},"end":{"line":379,"column":null}},"type":"if","locations":[{"start":{"line":379,"column":2},"end":{"line":379,"column":null}},{"start":{},"end":{}}],"line":379},"17":{"loc":{"start":{"line":154,"column":8},"end":{"line":3,"column":17}},"type":"binary-expr","locations":[{"start":{"line":154,"column":8},"end":{"line":154,"column":null}},{"start":{"line":154,"column":8},"end":{"line":3,"column":17}}],"line":154},"18":{"loc":{"start":{"line":3,"column":12},"end":{"line":4,"column":68}},"type":"binary-expr","locations":[{"start":{"line":3,"column":12},"end":{"line":3,"column":17}},{"start":{"line":3,"column":12},"end":{"line":4,"column":68}}],"line":3},"19":{"loc":{"start":{"line":17,"column":16},"end":{"line":11,"column":46}},"type":"binary-expr","locations":[{"start":{"line":17,"column":16},"end":{"line":17,"column":null}},{"start":{"line":17,"column":16},"end":{"line":11,"column":46}}],"line":17},"20":{"loc":{"start":{"line":12,"column":39},"end":{"line":12,"column":75}},"type":"binary-expr","locations":[{"start":{"line":12,"column":39},"end":{"line":12,"column":58}},{"start":{"line":12,"column":58},"end":{"line":12,"column":75}}],"line":12},"21":{"loc":{"start":{"line":14,"column":20},"end":{"line":14,"column":47}},"type":"binary-expr","locations":[{"start":{"line":14,"column":20},"end":{"line":14,"column":39}},{"start":{"line":14,"column":39},"end":{"line":14,"column":47}}],"line":14},"22":{"loc":{"start":{"line":15,"column":18},"end":{"line":15,"column":47}},"type":"binary-expr","locations":[{"start":{"line":15,"column":18},"end":{"line":15,"column":37}},{"start":{"line":15,"column":37},"end":{"line":15,"column":47}}],"line":15},"23":{"loc":{"start":{"line":15,"column":47},"end":{"line":15,"column":null}},"type":"binary-expr","locations":[{"start":{"line":15,"column":47},"end":{"line":15,"column":66}},{"start":{"line":15,"column":66},"end":{"line":15,"column":null}}],"line":15},"24":{"loc":{"start":{"line":26,"column":16},"end":{"line":23,"column":47}},"type":"binary-expr","locations":[{"start":{"line":26,"column":16},"end":{"line":26,"column":null}},{"start":{"line":26,"column":16},"end":{"line":23,"column":47}}],"line":26},"25":{"loc":{"start":{"line":24,"column":47},"end":{"line":24,"column":83}},"type":"binary-expr","locations":[{"start":{"line":24,"column":47},"end":{"line":24,"column":66}},{"start":{"line":24,"column":66},"end":{"line":24,"column":83}}],"line":24},"26":{"loc":{"start":{"line":37,"column":16},"end":{"line":32,"column":49}},"type":"binary-expr","locations":[{"start":{"line":37,"column":16},"end":{"line":37,"column":null}},{"start":{"line":37,"column":16},"end":{"line":32,"column":49}}],"line":37},"27":{"loc":{"start":{"line":35,"column":17},"end":{"line":35,"column":42}},"type":"binary-expr","locations":[{"start":{"line":35,"column":17},"end":{"line":35,"column":34}},{"start":{"line":35,"column":34},"end":{"line":35,"column":42}}],"line":35},"28":{"loc":{"start":{"line":35,"column":48},"end":{"line":35,"column":77}},"type":"binary-expr","locations":[{"start":{"line":35,"column":48},"end":{"line":35,"column":69}},{"start":{"line":35,"column":69},"end":{"line":35,"column":77}}],"line":35},"29":{"loc":{"start":{"line":48,"column":16},"end":{"line":43,"column":47}},"type":"binary-expr","locations":[{"start":{"line":48,"column":16},"end":{"line":48,"column":null}},{"start":{"line":48,"column":16},"end":{"line":43,"column":47}}],"line":48},"30":{"loc":{"start":{"line":46,"column":17},"end":{"line":46,"column":42}},"type":"binary-expr","locations":[{"start":{"line":46,"column":17},"end":{"line":46,"column":34}},{"start":{"line":46,"column":34},"end":{"line":46,"column":42}}],"line":46},"31":{"loc":{"start":{"line":46,"column":48},"end":{"line":46,"column":77}},"type":"binary-expr","locations":[{"start":{"line":46,"column":48},"end":{"line":46,"column":69}},{"start":{"line":46,"column":69},"end":{"line":46,"column":77}}],"line":46},"32":{"loc":{"start":{"line":59,"column":14},"end":{"line":57,"column":36}},"type":"binary-expr","locations":[{"start":{"line":59,"column":14},"end":{"line":59,"column":null}},{"start":{"line":59,"column":14},"end":{"line":57,"column":36}}],"line":59},"33":{"loc":{"start":{"line":58,"column":66},"end":{"line":58,"column":75}},"type":"binary-expr","locations":[{"start":{"line":58,"column":66},"end":{"line":58,"column":75}},{"start":{"line":58,"column":66},"end":{"line":58,"column":75}}],"line":58},"34":{"loc":{"start":{"line":70,"column":14},"end":{"line":68,"column":27}},"type":"binary-expr","locations":[{"start":{"line":70,"column":14},"end":{"line":70,"column":null}},{"start":{"line":70,"column":14},"end":{"line":68,"column":27}}],"line":70},"35":{"loc":{"start":{"line":77,"column":21},"end":{"line":77,"column":null}},"type":"cond-expr","locations":[{"start":{"line":77,"column":31},"end":{"line":77,"column":null}},{"start":{"line":77,"column":31},"end":{"line":77,"column":null}}],"line":77},"36":{"loc":{"start":{"line":85,"column":21},"end":{"line":85,"column":null}},"type":"cond-expr","locations":[{"start":{"line":85,"column":25},"end":{"line":85,"column":null}},{"start":{"line":85,"column":25},"end":{"line":85,"column":null}}],"line":85},"37":{"loc":{"start":{"line":139,"column":14},"end":{"line":138,"column":30}},"type":"binary-expr","locations":[{"start":{"line":139,"column":14},"end":{"line":139,"column":null}},{"start":{"line":139,"column":14},"end":{"line":138,"column":30}}],"line":139},"38":{"loc":{"start":{"line":148,"column":18},"end":{"line":146,"column":39}},"type":"binary-expr","locations":[{"start":{"line":148,"column":18},"end":{"line":148,"column":null}},{"start":{"line":148,"column":18},"end":{"line":146,"column":39}}],"line":148}},"s":{"0":14,"1":14,"2":14,"3":14,"4":14,"5":14,"6":14,"7":14,"8":14,"9":14,"10":14,"11":28,"12":14,"13":14,"14":28,"15":14,"16":28,"17":14,"18":14,"19":28,"20":14,"21":28,"22":14,"23":14,"24":14,"25":14,"26":14,"27":14,"28":14,"29":14,"30":14,"31":0,"32":0,"33":14,"34":2,"35":1,"36":1,"37":2,"38":1,"39":1,"40":14,"41":14,"42":14,"43":0,"44":14,"45":14,"46":0,"47":0,"48":0,"49":0,"50":0,"51":0,"52":0,"53":14,"54":171,"55":171,"56":3,"57":3,"58":3,"59":3,"60":115,"61":1,"62":114,"63":1,"64":113,"65":3,"66":1,"67":2,"68":1,"69":1,"70":14,"71":14,"72":14,"73":14,"74":14,"75":0,"76":0,"77":0,"78":1,"79":1,"80":1,"81":1,"82":1,"83":1,"84":1,"85":1,"86":1,"87":1,"88":1,"89":1,"90":1,"91":1,"92":1,"93":1,"94":1,"95":1,"96":14,"97":14,"98":42,"99":56,"100":42,"101":56,"102":42,"103":56,"104":42,"105":56,"106":0,"107":0,"108":42,"109":0,"110":42,"111":42,"112":0,"113":0,"114":0,"115":0,"116":0,"117":0,"118":0,"119":0,"120":0,"121":14,"122":14,"123":168,"124":168},"f":{"0":14,"1":28,"2":28,"3":28,"4":14,"5":2,"6":2,"7":14,"8":0,"9":0,"10":0,"11":171,"12":3,"13":3,"14":115,"15":3,"16":14,"17":0,"18":14,"19":42,"20":56,"21":42,"22":56,"23":42,"24":56,"25":42,"26":56,"27":0,"28":0,"29":42,"30":0,"31":42,"32":42,"33":0,"34":0,"35":0,"36":0,"37":0,"38":0,"39":0,"40":0,"41":0,"42":14,"43":14,"44":168,"45":168},"b":{"0":[14,14],"1":[14,0],"2":[14,14],"3":[14,0],"4":[14,14],"5":[28,14],"6":[1,1],"7":[1,1],"8":[0,14],"9":[14,14],"10":[14,0],"11":[3,0],"12":[3,0],"13":[1,114],"14":[1,113],"15":[1,2],"16":[1,1],"17":[14,14],"18":[14,14],"19":[56,14],"20":[56,28],"21":[56,28],"22":[56,28],"23":[56,28],"24":[56,14],"25":[56,28],"26":[56,14],"27":[56,28],"28":[56,28],"29":[56,14],"30":[56,28],"31":[56,28],"32":[0,0],"33":[0,0],"34":[0,0],"35":[0,42],"36":[0,0],"37":[0,0],"38":[168,14]},"meta":{"lastBranch":0,"lastFunction":0,"lastStatement":0,"seen":{},"fnNames":{}}}
,"F:\\Agent\\workbuddy\\workspace\\ShuqingBigDataPlatform\\frontend\\src\\views\\DataSourceManagement.vue": {"path":"F:\\Agent\\workbuddy\\workspace\\ShuqingBigDataPlatform\\frontend\\src\\views\\DataSourceManagement.vue","statementMap":{"0":{"start":{"line":162,"column":64},"end":{"line":172,"column":null}},"1":{"start":{"line":175,"column":55},"end":{"line":185,"column":null}},"2":{"start":{"line":189,"column":6},"end":{"line":189,"column":null}},"3":{"start":{"line":190,"column":6},"end":{"line":190,"column":null}},"4":{"start":{"line":191,"column":6},"end":{"line":191,"column":null}},"5":{"start":{"line":192,"column":6},"end":{"line":192,"column":null}},"6":{"start":{"line":193,"column":6},"end":{"line":193,"column":null}},"7":{"start":{"line":194,"column":6},"end":{"line":194,"column":null}},"8":{"start":{"line":195,"column":6},"end":{"line":195,"column":null}},"9":{"start":{"line":196,"column":6},"end":{"line":196,"column":null}},"10":{"start":{"line":200,"column":2},"end":{"line":200,"column":null}},"11":{"start":{"line":201,"column":2},"end":{"line":201,"column":null}},"12":{"start":{"line":202,"column":2},"end":{"line":216,"column":null}},"13":{"start":{"line":203,"column":19},"end":{"line":208,"column":null}},"14":{"start":{"line":209,"column":4},"end":{"line":209,"column":null}},"15":{"start":{"line":210,"column":4},"end":{"line":210,"column":null}},"16":{"start":{"line":212,"column":4},"end":{"line":212,"column":null}},"17":{"start":{"line":213,"column":4},"end":{"line":213,"column":null}},"18":{"start":{"line":215,"column":4},"end":{"line":215,"column":null}},"19":{"start":{"line":221,"column":2},"end":{"line":221,"column":null}},"20":{"start":{"line":222,"column":2},"end":{"line":222,"column":null}},"21":{"start":{"line":227,"column":6},"end":{"line":227,"column":null}},"22":{"start":{"line":228,"column":6},"end":{"line":228,"column":null}},"23":{"start":{"line":229,"column":6},"end":{"line":229,"column":null}},"24":{"start":{"line":230,"column":6},"end":{"line":230,"column":null}},"25":{"start":{"line":231,"column":6},"end":{"line":231,"column":null}},"26":{"start":{"line":243,"column":6},"end":{"line":251,"column":null}},"27":{"start":{"line":253,"column":29},"end":{"line":259,"column":null}},"28":{"start":{"line":262,"column":6},"end":{"line":264,"column":null}},"29":{"start":{"line":263,"column":2},"end":{"line":263,"column":null}},"30":{"start":{"line":268,"column":2},"end":{"line":268,"column":null}},"31":{"start":{"line":273,"column":2},"end":{"line":273,"column":null}},"32":{"start":{"line":274,"column":2},"end":{"line":274,"column":null}},"33":{"start":{"line":275,"column":2},"end":{"line":275,"column":null}},"34":{"start":{"line":276,"column":2},"end":{"line":276,"column":null}},"35":{"start":{"line":281,"column":2},"end":{"line":281,"column":null}},"36":{"start":{"line":282,"column":2},"end":{"line":282,"column":null}},"37":{"start":{"line":283,"column":2},"end":{"line":283,"column":null}},"38":{"start":{"line":284,"column":2},"end":{"line":284,"column":null}},"39":{"start":{"line":285,"column":2},"end":{"line":285,"column":null}},"40":{"start":{"line":286,"column":2},"end":{"line":286,"column":null}},"41":{"start":{"line":287,"column":2},"end":{"line":287,"column":null}},"42":{"start":{"line":288,"column":2},"end":{"line":288,"column":null}},"43":{"start":{"line":289,"column":2},"end":{"line":289,"column":null}},"44":{"start":{"line":290,"column":2},"end":{"line":290,"column":null}},"45":{"start":{"line":295,"column":2},"end":{"line":295,"column":null}},"46":{"start":{"line":296,"column":2},"end":{"line":296,"column":null}},"47":{"start":{"line":297,"column":2},"end":{"line":297,"column":null}},"48":{"start":{"line":298,"column":2},"end":{"line":298,"column":null}},"49":{"start":{"line":299,"column":2},"end":{"line":299,"column":null}},"50":{"start":{"line":300,"column":2},"end":{"line":300,"column":null}},"51":{"start":{"line":301,"column":2},"end":{"line":301,"column":null}},"52":{"start":{"line":302,"column":2},"end":{"line":302,"column":null}},"53":{"start":{"line":307,"column":2},"end":{"line":307,"column":null}},"54":{"start":{"line":307,"column":22},"end":{"line":307,"column":null}},"55":{"start":{"line":308,"column":2},"end":{"line":345,"column":null}},"56":{"start":{"line":309,"column":4},"end":{"line":309,"column":null}},"57":{"start":{"line":309,"column":16},"end":{"line":309,"column":null}},"58":{"start":{"line":310,"column":4},"end":{"line":310,"column":null}},"59":{"start":{"line":311,"column":4},"end":{"line":344,"column":null}},"60":{"start":{"line":312,"column":44},"end":{"line":318,"column":null}},"61":{"start":{"line":319,"column":6},"end":{"line":321,"column":null}},"62":{"start":{"line":320,"column":8},"end":{"line":320,"column":null}},"63":{"start":{"line":322,"column":6},"end":{"line":324,"column":null}},"64":{"start":{"line":323,"column":8},"end":{"line":323,"column":null}},"65":{"start":{"line":325,"column":6},"end":{"line":337,"column":null}},"66":{"start":{"line":326,"column":8},"end":{"line":326,"column":null}},"67":{"start":{"line":327,"column":8},"end":{"line":327,"column":null}},"68":{"start":{"line":329,"column":8},"end":{"line":333,"column":null}},"69":{"start":{"line":330,"column":10},"end":{"line":330,"column":null}},"70":{"start":{"line":331,"column":10},"end":{"line":331,"column":null}},"71":{"start":{"line":332,"column":10},"end":{"line":332,"column":null}},"72":{"start":{"line":334,"column":8},"end":{"line":334,"column":null}},"73":{"start":{"line":335,"column":8},"end":{"line":335,"column":null}},"74":{"start":{"line":336,"column":8},"end":{"line":336,"column":null}},"75":{"start":{"line":338,"column":6},"end":{"line":338,"column":null}},"76":{"start":{"line":339,"column":6},"end":{"line":339,"column":null}},"77":{"start":{"line":343,"column":6},"end":{"line":343,"column":null}},"78":{"start":{"line":350,"column":6},"end":{"line":350,"column":null}},"79":{"start":{"line":354,"column":2},"end":{"line":354,"column":null}},"80":{"start":{"line":355,"column":2},"end":{"line":368,"column":null}},"81":{"start":{"line":356,"column":19},"end":{"line":356,"column":null}},"82":{"start":{"line":357,"column":4},"end":{"line":361,"column":null}},"83":{"start":{"line":358,"column":6},"end":{"line":358,"column":null}},"84":{"start":{"line":360,"column":6},"end":{"line":360,"column":null}},"85":{"start":{"line":363,"column":4},"end":{"line":363,"column":null}},"86":{"start":{"line":367,"column":4},"end":{"line":367,"column":null}},"87":{"start":{"line":375,"column":2},"end":{"line":391,"column":null}},"88":{"start":{"line":376,"column":4},"end":{"line":385,"column":null}},"89":{"start":{"line":386,"column":4},"end":{"line":386,"column":null}},"90":{"start":{"line":387,"column":4},"end":{"line":387,"column":null}},"91":{"start":{"line":388,"column":4},"end":{"line":388,"column":null}},"92":{"start":{"line":398,"column":15},"end":{"line":398,"column":null}},"93":{"start":{"line":398,"column":39},"end":{"line":398,"column":55}},"94":{"start":{"line":399,"column":2},"end":{"line":399,"column":null}},"95":{"start":{"line":404,"column":48},"end":{"line":408,"column":null}},"96":{"start":{"line":409,"column":2},"end":{"line":409,"column":null}},"97":{"start":{"line":414,"column":72},"end":{"line":418,"column":null}},"98":{"start":{"line":419,"column":2},"end":{"line":419,"column":null}},"99":{"start":{"line":424,"column":0},"end":{"line":426,"column":null}},"100":{"start":{"line":425,"column":2},"end":{"line":425,"column":null}},"101":{"start":{"line":2,"column":7},"end":{"line":2,"column":null}},"102":{"start":{"line":11,"column":11},"end":{"line":11,"column":null}},"103":{"start":{"line":74,"column":11},"end":{"line":74,"column":null}},"104":{"start":{"line":2,"column":2},"end":{"line":134,"column":null}},"105":{"start":{"line":10,"column":20},"end":{"line":83,"column":null}},"106":{"start":{"line":12,"column":67},"end":{"line":12,"column":79}},"107":{"start":{"line":14,"column":19},"end":{"line":14,"column":null}},"108":{"start":{"line":22,"column":19},"end":{"line":22,"column":null}},"109":{"start":{"line":28,"column":45},"end":{"line":28,"column":97}},"110":{"start":{"line":28,"column":10},"end":{"line":28,"column":97}},"111":{"start":{"line":42,"column":60},"end":{"line":68,"column":83}},"112":{"start":{"line":45,"column":35},"end":{"line":46,"column":60}},"113":{"start":{"line":46,"column":60},"end":{"line":46,"column":60}},"114":{"start":{"line":50,"column":35},"end":{"line":50,"column":null}},"115":{"start":{"line":55,"column":35},"end":{"line":57,"column":43}},"116":{"start":{"line":57,"column":43},"end":{"line":57,"column":43}},"117":{"start":{"line":63,"column":35},"end":{"line":68,"column":83}},"118":{"start":{"line":64,"column":51},"end":{"line":64,"column":72}},"119":{"start":{"line":64,"column":74},"end":{"line":64,"column":86}},"120":{"start":{"line":65,"column":83},"end":{"line":65,"column":100}},"121":{"start":{"line":67,"column":12},"end":{"line":67,"column":24}},"122":{"start":{"line":68,"column":50},"end":{"line":68,"column":69}},"123":{"start":{"line":68,"column":71},"end":{"line":68,"column":83}},"124":{"start":{"line":76,"column":32},"end":{"line":76,"column":null}},"125":{"start":{"line":77,"column":29},"end":{"line":77,"column":null}},"126":{"start":{"line":90,"column":15},"end":{"line":90,"column":null}},"127":{"start":{"line":139,"column":64},"end":{"line":141,"column":36}},"128":{"start":{"line":139,"column":27},"end":{"line":139,"column":50}},"129":{"start":{"line":139,"column":52},"end":{"line":139,"column":64}},"130":{"start":{"line":141,"column":36},"end":{"line":141,"column":36}},"131":{"start":{"line":137,"column":16},"end":{"line":134,"column":null}},"132":{"start":{"line":105,"column":23},"end":{"line":134,"column":null}},"133":{"start":{"line":104,"column":68},"end":{"line":104,"column":68}},"134":{"start":{"line":104,"column":29},"end":{"line":104,"column":44}},"135":{"start":{"line":109,"column":22},"end":{"line":108,"column":99}},"136":{"start":{"line":107,"column":30},"end":{"line":107,"column":45}},"137":{"start":{"line":108,"column":47},"end":{"line":108,"column":99}},"138":{"start":{"line":108,"column":12},"end":{"line":108,"column":99}},"139":{"start":{"line":112,"column":75},"end":{"line":112,"column":75}},"140":{"start":{"line":112,"column":29},"end":{"line":112,"column":44}},"141":{"start":{"line":121,"column":12},"end":{"line":120,"column":null}},"142":{"start":{"line":116,"column":21},"end":{"line":116,"column":null}},"143":{"start":{"line":124,"column":86},"end":{"line":124,"column":86}},"144":{"start":{"line":124,"column":29},"end":{"line":124,"column":48}},"145":{"start":{"line":127,"column":70},"end":{"line":127,"column":70}},"146":{"start":{"line":127,"column":29},"end":{"line":127,"column":48}},"147":{"start":{"line":135,"column":12},"end":{"line":134,"column":null}},"148":{"start":{"line":131,"column":21},"end":{"line":131,"column":null}}},"fnMap":{"0":{"name":"loadList","decl":{"start":{"line":199,"column":15},"end":{"line":199,"column":26}},"loc":{"start":{"line":199,"column":26},"end":{"line":217,"column":null}},"line":199},"1":{"name":"handleSearch","decl":{"start":{"line":220,"column":9},"end":{"line":220,"column":24}},"loc":{"start":{"line":220,"column":24},"end":{"line":223,"column":null}},"line":220},"2":{"name":"(anonymous_2)","decl":{"start":{"line":262,"column":30},"end":{"line":262,"column":36}},"loc":{"start":{"line":262,"column":36},"end":{"line":264,"column":1}},"line":262},"3":{"name":"onTypeChange","decl":{"start":{"line":267,"column":9},"end":{"line":267,"column":22}},"loc":{"start":{"line":267,"column":44},"end":{"line":269,"column":null}},"line":267},"4":{"name":"openCreateDialog","decl":{"start":{"line":272,"column":9},"end":{"line":272,"column":28}},"loc":{"start":{"line":272,"column":28},"end":{"line":277,"column":null}},"line":272},"5":{"name":"openEditDialog","decl":{"start":{"line":280,"column":9},"end":{"line":280,"column":24}},"loc":{"start":{"line":280,"column":41},"end":{"line":291,"column":null}},"line":280},"6":{"name":"resetForm","decl":{"start":{"line":294,"column":9},"end":{"line":294,"column":21}},"loc":{"start":{"line":294,"column":21},"end":{"line":303,"column":null}},"line":294},"7":{"name":"handleSubmit","decl":{"start":{"line":306,"column":15},"end":{"line":306,"column":30}},"loc":{"start":{"line":306,"column":30},"end":{"line":346,"column":null}},"line":306},"8":{"name":"(anonymous_8)","decl":{"start":{"line":308,"column":31},"end":{"line":308,"column":38}},"loc":{"start":{"line":308,"column":48},"end":{"line":345,"column":3}},"line":308},"9":{"name":"handleTest","decl":{"start":{"line":353,"column":15},"end":{"line":353,"column":26}},"loc":{"start":{"line":353,"column":43},"end":{"line":369,"column":null}},"line":353},"10":{"name":"handleDelete","decl":{"start":{"line":374,"column":15},"end":{"line":374,"column":28}},"loc":{"start":{"line":374,"column":45},"end":{"line":392,"column":null}},"line":374},"11":{"name":"typeLabel","decl":{"start":{"line":397,"column":9},"end":{"line":397,"column":19}},"loc":{"start":{"line":397,"column":49},"end":{"line":400,"column":null}},"line":397},"12":{"name":"(anonymous_12)","decl":{"start":{"line":398,"column":32},"end":{"line":398,"column":33}},"loc":{"start":{"line":398,"column":39},"end":{"line":398,"column":55}},"line":398},"13":{"name":"statusLabel","decl":{"start":{"line":403,"column":9},"end":{"line":403,"column":21}},"loc":{"start":{"line":403,"column":55},"end":{"line":410,"column":null}},"line":403},"14":{"name":"statusTagType","decl":{"start":{"line":413,"column":9},"end":{"line":413,"column":23}},"loc":{"start":{"line":413,"column":81},"end":{"line":420,"column":null}},"line":413},"15":{"name":"(anonymous_15)","decl":{"start":{"line":424,"column":10},"end":{"line":424,"column":16}},"loc":{"start":{"line":424,"column":16},"end":{"line":426,"column":1}},"line":424},"16":{"name":"(anonymous_16)","decl":{"start":{"line":10,"column":6},"end":{"line":10,"column":20}},"loc":{"start":{"line":10,"column":20},"end":{"line":83,"column":null}},"line":10},"17":{"name":"(anonymous_17)","decl":{"start":{"line":12,"column":60},"end":{"line":12,"column":67}},"loc":{"start":{"line":12,"column":67},"end":{"line":12,"column":79}},"line":12},"18":{"name":"(anonymous_18)","decl":{"start":{"line":14,"column":19},"end":{"line":14,"column":32}},"loc":{"start":{"line":14,"column":19},"end":{"line":14,"column":null}},"line":14},"19":{"name":"(anonymous_19)","decl":{"start":{"line":22,"column":19},"end":{"line":22,"column":29}},"loc":{"start":{"line":22,"column":19},"end":{"line":22,"column":null}},"line":22},"20":{"name":"(anonymous_20)","decl":{"start":{"line":28,"column":21},"end":{"line":28,"column":28}},"loc":{"start":{"line":28,"column":45},"end":{"line":28,"column":97}},"line":28},"21":{"name":"(anonymous_21)","decl":{"start":{"line":28,"column":44},"end":{"line":28,"column":45}},"loc":{"start":{"line":28,"column":29},"end":{"line":28,"column":97}},"line":28},"22":{"name":"(anonymous_22)","decl":{"start":{"line":42,"column":8},"end":{"line":42,"column":25}},"loc":{"start":{"line":42,"column":60},"end":{"line":68,"column":83}},"line":42},"23":{"name":"(anonymous_23)","decl":{"start":{"line":46,"column":12},"end":{"line":46,"column":20}},"loc":{"start":{"line":45,"column":35},"end":{"line":46,"column":60}},"line":45},"24":{"name":"(anonymous_24)","decl":{"start":{"line":46,"column":35},"end":{"line":46,"column":38}},"loc":{"start":{"line":46,"column":60},"end":{"line":46,"column":60}},"line":46},"25":{"name":"(anonymous_25)","decl":{"start":{"line":50,"column":39},"end":{"line":50,"column":42}},"loc":{"start":{"line":50,"column":35},"end":{"line":50,"column":null}},"line":50},"26":{"name":"(anonymous_26)","decl":{"start":{"line":56,"column":12},"end":{"line":56,"column":21}},"loc":{"start":{"line":55,"column":35},"end":{"line":57,"column":43}},"line":55},"27":{"name":"(anonymous_27)","decl":{"start":{"line":57,"column":14},"end":{"line":57,"column":17}},"loc":{"start":{"line":57,"column":43},"end":{"line":57,"column":43}},"line":57},"28":{"name":"(anonymous_28)","decl":{"start":{"line":64,"column":12},"end":{"line":64,"column":23}},"loc":{"start":{"line":63,"column":35},"end":{"line":68,"column":83}},"line":63},"29":{"name":"(anonymous_29)","decl":{"start":{"line":64,"column":49},"end":{"line":64,"column":51}},"loc":{"start":{"line":64,"column":51},"end":{"line":64,"column":72}},"line":64},"30":{"name":"(anonymous_30)","decl":{"start":{"line":64,"column":72},"end":{"line":64,"column":74}},"loc":{"start":{"line":64,"column":74},"end":{"line":64,"column":86}},"line":64},"31":{"name":"(anonymous_31)","decl":{"start":{"line":65,"column":81},"end":{"line":65,"column":83}},"loc":{"start":{"line":65,"column":83},"end":{"line":65,"column":100}},"line":65},"32":{"name":"(anonymous_32)","decl":{"start":{"line":65,"column":100},"end":{"line":65,"column":null}},"loc":{"start":{"line":67,"column":12},"end":{"line":67,"column":24}},"line":67},"33":{"name":"(anonymous_33)","
[...]
45,"column":9},"end":{"line":345,"column":21}},"loc":{"start":{"line":345,"column":51},"end":{"line":352,"column":null}},"line":345},"11":{"name":"statusTagType","decl":{"start":{"line":355,"column":9},"end":{"line":355,"column":23}},"loc":{"start":{"line":355,"column":88},"end":{"line":362,"column":null}},"line":355},"12":{"name":"usageColor","decl":{"start":{"line":365,"column":9},"end":{"line":365,"column":20}},"loc":{"start":{"line":365,"column":48},"end":{"line":369,"column":null}},"line":365},"13":{"name":"(anonymous_13)","decl":{"start":{"line":373,"column":10},"end":{"line":373,"column":16}},"loc":{"start":{"line":373,"column":16},"end":{"line":375,"column":1}},"line":373},"14":{"name":"(anonymous_14)","decl":{"start":{"line":10,"column":6},"end":{"line":10,"column":11}},"loc":{"start":{"line":33,"column":12},"end":{"line":91,"column":null}},"line":33},"15":{"name":"(anonymous_15)","decl":{"start":{"line":11,"column":60},"end":{"line":11,"column":66}},"loc":{"start":{"line":11,"column":66},"end":{"line":11,"column":78}},"line":11},"16":{"name":"(anonymous_16)","decl":{"start":{"line":13,"column":19},"end":{"line":13,"column":32}},"loc":{"start":{"line":13,"column":19},"end":{"line":13,"column":null}},"line":13},"17":{"name":"(anonymous_17)","decl":{"start":{"line":21,"column":19},"end":{"line":21,"column":31}},"loc":{"start":{"line":21,"column":19},"end":{"line":21,"column":null}},"line":21},"18":{"name":"(anonymous_18)","decl":{"start":{"line":27,"column":10},"end":{"line":27,"column":21}},"loc":{"start":{"line":27,"column":49},"end":{"line":29,"column":51}},"line":27},"19":{"name":"(anonymous_19)","decl":{"start":{"line":44,"column":8},"end":{"line":44,"column":25}},"loc":{"start":{"line":44,"column":60},"end":{"line":76,"column":83}},"line":44},"20":{"name":"(anonymous_20)","decl":{"start":{"line":49,"column":12},"end":{"line":49,"column":21}},"loc":{"start":{"line":48,"column":35},"end":{"line":50,"column":39}},"line":48},"21":{"name":"(anonymous_21)","decl":{"start":{"line":50,"column":14},"end":{"line":50,"column":17}},"loc":{"start":{"line":50,"column":39},"end":{"line":50,"column":39}},"line":50},"22":{"name":"(anonymous_22)","decl":{"start":{"line":56,"column":12},"end":{"line":56,"column":21}},"loc":{"start":{"line":55,"column":35},"end":{"line":57,"column":43}},"line":55},"23":{"name":"(anonymous_23)","decl":{"start":{"line":57,"column":14},"end":{"line":57,"column":17}},"loc":{"start":{"line":57,"column":43},"end":{"line":57,"column":43}},"line":57},"24":{"name":"(anonymous_24)","decl":{"start":{"line":65,"column":12},"end":{"line":65,"column":null}},"loc":{"start":{"line":64,"column":35},"end":{"line":68,"column":null}},"line":64},"25":{"name":"(anonymous_25)","decl":{"start":{"line":75,"column":12},"end":{"line":75,"column":23}},"loc":{"start":{"line":74,"column":35},"end":{"line":76,"column":83}},"line":74},"26":{"name":"(anonymous_26)","decl":{"start":{"line":75,"column":49},"end":{"line":75,"column":51}},"loc":{"start":{"line":75,"column":51},"end":{"line":75,"column":72}},"line":75},"27":{"name":"(anonymous_27)","decl":{"start":{"line":75,"column":72},"end":{"line":75,"column":74}},"loc":{"start":{"line":75,"column":74},"end":{"line":75,"column":86}},"line":75},"28":{"name":"(anonymous_28)","decl":{"start":{"line":76,"column":48},"end":{"line":76,"column":50}},"loc":{"start":{"line":76,"column":50},"end":{"line":76,"column":69}},"line":76},"29":{"name":"(anonymous_29)","decl":{"start":{"line":76,"column":69},"end":{"line":76,"column":71}},"loc":{"start":{"line":76,"column":71},"end":{"line":76,"column":83}},"line":76},"30":{"name":"(anonymous_30)","decl":{"start":{"line":84,"column":32},"end":{"line":84,"column":43}},"loc":{"start":{"line":84,"column":32},"end":{"line":84,"column":null}},"line":84},"31":{"name":"(anonymous_31)","decl":{"start":{"line":85,"column":29},"end":{"line":85,"column":37}},"loc":{"start":{"line":85,"column":29},"end":{"line":85,"column":null}},"line":85},"32":{"name":"(anonymous_32)","decl":{"start":{"line":98,"column":15},"end":{"line":98,"column":28}},"loc":{"start":{"line":98,"column":15},"end":{"line":98,"column":null}},"line":98},"33":{"name":"(anonymous_33)","decl":{"start":{"line":140,"column":8},"end":{"line":140,"column":20}},"loc":{"start":{"line":140,"column":64},"end":{"line":142,"column":36}},"line":140},"34":{"name":"(anonymous_34)","decl":{"start":{"line":140,"column":25},"end":{"line":140,"column":27}},"loc":{"start":{"line":140,"column":27},"end":{"line":140,"column":50}},"line":140},"35":{"name":"(anonymous_35)","decl":{"start":{"line":140,"column":50},"end":{"line":140,"column":52}},"loc":{"start":{"line":140,"column":52},"end":{"line":140,"column":64}},"line":140},"36":{"name":"(anonymous_36)","decl":{"start":{"line":142,"column":10},"end":{"line":142,"column":13}},"loc":{"start":{"line":142,"column":36},"end":{"line":142,"column":36}},"line":142},"37":{"name":"(anonymous_37)","decl":{"start":{"line":104,"column":6},"end":{"line":104,"column":null}},"loc":{"start":{"line":138,"column":16},"end":{"line":136,"column":73}},"line":138},"38":{"name":"(anonymous_38)","decl":{"start":{"line":111,"column":8},"end":{"line":111,"column":22}},"loc":{"start":{"line":113,"column":23},"end":{"line":136,"column":73}},"line":113},"39":{"name":"(anonymous_39)","decl":{"start":{"line":112,"column":10},"end":{"line":112,"column":29}},"loc":{"start":{"line":112,"column":69},"end":{"line":112,"column":69}},"line":112},"40":{"name":"(anonymous_40)","decl":{"start":{"line":112,"column":38},"end":{"line":112,"column":42}},"loc":{"start":{"line":112,"column":29},"end":{"line":112,"column":44}},"line":112},"41":{"name":"(anonymous_41)","decl":{"start":{"line":115,"column":10},"end":{"line":115,"column":29}},"loc":{"start":{"line":115,"column":91},"end":{"line":115,"column":91}},"line":115},"42":{"name":"(anonymous_42)","decl":{"start":{"line":115,"column":38},"end":{"line":115,"column":42}},"loc":{"start":{"line":115,"column":29},"end":{"line":115,"column":44}},"line":115},"43":{"name":"(anonymous_43)","decl":{"start":{"line":118,"column":10},"end":{"line":118,"column":30}},"loc":{"start":{"line":123,"column":22},"end":{"line":122,"column":55}},"line":123},"44":{"name":"(anonymous_44)","decl":{"start":{"line":118,"column":39},"end":{"line":118,"column":43}},"loc":{"start":{"line":118,"column":30},"end":{"line":118,"column":45}},"line":118},"45":{"name":"(anonymous_45)","decl":{"start":{"line":119,"column":12},"end":{"line":119,"column":23}},"loc":{"start":{"line":119,"column":54},"end":{"line":122,"column":55}},"line":119},"46":{"name":"(anonymous_46)","decl":{"start":{"line":126,"column":10},"end":{"line":126,"column":30}},"loc":{"start":{"line":130,"column":22},"end":{"line":129,"column":53}},"line":130},"47":{"name":"(anonymous_47)","decl":{"start":{"line":126,"column":39},"end":{"line":126,"column":45}},"loc":{"start":{"line":126,"column":30},"end":{"line":126,"column":47}},"line":126},"48":{"name":"(anonymous_48)","decl":{"start":{"line":127,"column":12},"end":{"line":127,"column":23}},"loc":{"start":{"line":127,"column":51},"end":{"line":129,"column":53}},"line":127},"49":{"name":"(anonymous_49)","decl":{"start":{"line":133,"column":10},"end":{"line":133,"column":29}},"loc":{"start":{"line":133,"column":69},"end":{"line":133,"column":69}},"line":133},"50":{"name":"(anonymous_50)","decl":{"start":{"line":133,"column":38},"end":{"line":133,"column":45}},"loc":{"start":{"line":133,"column":29},"end":{"line":133,"column":47}},"line":133},"51":{"name":"(anonymous_51)","decl":{"start":{"line":136,"column":10},"end":{"line":136,"column":29}},"loc":{"start":{"line":136,"column":73},"end":{"line":136,"column":73}},"line":136},"52":{"name":"(anonymous_52)","decl":{"start":{"line":136,"column":38},"end":{"line":136,"column":50}},"loc":{"start":{"line":136,"column":29},"end":{"line":136,"column":52}},"line":136}},"branchMap":{"0":{"loc":{"start":{"line":173,"column":15},"end":{"line":173,"column":null}},"type":"binary-expr","locations":[{"start":{"line":173,"column":15},"end":{"line":173,"column":38}},{"start":{"line":173,"column":38},"end":{"line":173,"column":null}}],"line":173},"1":{"loc":{"start":{"line":174,"column":14},"end":{"line":174,"column":null}},"type":"binary-expr","locations":[{"start":{"line":174,"column":14},"end":{"line":174,"column":36}},{"start":{"line":174,"column":36},"end":{"line":174,"column":null}}],"line":174},"2":{"loc":{"start":{"line":249,"column":21},"end":{"line":249,"column":null}},"type":"binary-expr","locations":[{"start":{"line":249,"column":21},"end":{"line":249,"column":36}},{"start":{"line":249,"column":36},"end":{"line":249,"column":null}}],"line":249},"3":{"loc":{"start":{"line":250,"column":26},"end":{"line":250,"column":null}},"type":"binary-expr","locations":[{"start":{"line":250,"column":26},"end":{"line":250,"column":46}},{"start":{"line":250,"column":46},"end":{"line":250,"column":null}}],"line":250},"4":{"loc":{"start":{"line":267,"column":2},"end":{"line":267,"column":null}},"type":"if","locations":[{"start":{"line":267,"column":2},"end":{"line":267,"column":null}},{"start":{},"end":{}}],"line":267},"5":{"loc":{"start":{"line":269,"column":4},"end":{"line":269,"column":null}},"type":"if","locations":[{"start":{"line":269,"column":4},"end":{"line":269,"column":null}},{"start":{},"end":{}}],"line":269},"6":{"loc":{"start":{"line":272,"column":6},"end":{"line":290,"column":null}},"type":"if","locations":[{"start":{"line":272,"column":6},"end":{"line":290,"column":null}},{"start":{"line":281,"column":13},"end":{"line":290,"column":null}}],"line":272},"7":{"loc":{"start":{"line":277,"column":19},"end":{"line":277,"column":null}},"type":"binary-expr","locations":[{"start":{"line":277,"column":19},"end":{"line":277,"column":39}},{"start":{"line":277,"column":39},"end":{"line":277,"column":null}}],"line":277},"8":{"loc":{"start":{"line":278,"column":24},"end":{"line":278,"column":null}},"type":"binary-expr","locations":[{"start":{"line":278,"column":24},"end":{"line":278,"column":49}},{"start":{"line":278,"column":49},"end":{"line":278,"column":null}}],"line":278},"9":{"loc":{"start":{"line":286,"column":19},"end":{"line":286,"column":null}},"type":"binary-expr","locations":[{"start":{"line":286,"column":19},"end":{"line":286,"column":39}},{"start":{"line":286,"column":39},"end":{"line":286,"column":null}}],"line":286},"10":{"loc":{"start":{"line":287,"column":24},"end":{"line":287,"column":null}},"type":"binary-expr","locations":[{"start":{"line":287,"column":24},"end":{"line":287,"column":49}},{"start":{"line":287,"column":49},"end":{"line":287,"column":null}}],"line":287},"11":{"loc":{"start":{"line":330,"column":9},"end":{"line":330,"column":null}},"type":"binary-expr","locations":[{"start":{"line":330,"column":9},"end":{"line":330,"column":22}},{"start":{"line":330,"column":22},"end":{"line":330,"column":null}}],"line":330},"12":{"loc":{"start":{"line":341,"column":9},"end":{"line":341,"column":null}},"type":"binary-expr","locations":[{"start":{"line":341,"column":9},"end":{"line":341,"column":22}},{"start":{"line":341,"column":22},"end":{"line":341,"column":null}}],"line":341},"13":{"loc":{"start":{"line":351,"column":9},"end":{"line":351,"column":null}},"type":"binary-expr","locations":[{"start":{"line":351,"column":9},"end":{"line":351,"column":24}},{"start":{"line":351,"column":24},"end":{"line":351,"column":null}}],"line":351},"14":{"loc":{"start":{"line":361,"column":9},"end":{"line":361,"column":null}},"type":"binary-expr","locations":[{"start":{"line":361,"column":9},"end":{"line":361,"column":24}},{"start":{"line":361,"column":24},"end":{"line":361,"column":null}}],"line":361},"15":{"loc":{"start":{"line":366,"column":2},"end":{"line":366,"column":null}},"type":"if","locations":[{"start":{"line":366,"column":2},"end":{"line":366,"column":null}},{"start":{},"end":{}}],"line":366},"16":{"loc":{"start":{"line":367,"column":2},"end":{"line":367,"column":null}},"type":"if","locations":[{"start":{"line":367,"column":2},"end":{"line":367,"column":null}},{"start":{},"end":{}}],"line":367},"17":{"loc":{"start":{"line":146,"column":8},"end":{"line":3,"column":17}},"type":"binary-expr","locations":[{"start":{"line":146,"column":8},"end":{"line":146,"column":null}},{"start":{"line":146,"column":8},"end":{"line":3,"column":17}}],"line":146},"18":{"loc":{"start":{"line":3,"column":12},"end":{"line":6,"column":10}},"type":"binary-expr","locations":[{"start":{"line":3,"column":12},"end":{"line":3,"column":17}},{"start":{"line":3,"column":12},"end":{"line":6,"column":10}}],"line":3},"19":{"loc":{"start":{"line":11,"column":66},"end":{"line":11,"column":78}},"type":"binary-expr","locations":[{"start":{"line":11,"column":66},"end":{"line":11,"column":78}},{"start":{"line":11,"column":66},"end":{"line":11,"column":78}}],"line":11},"20":{"loc":{"start":{"line":13,"column":19},"end":{"line":13,"column":null}},"type":"binary-expr","locations":[{"start":{"line":13,"column":19},"end":{"line":13,"column":32}},{"start":{"line":13,"column":19},"end":{"line":13,"column":null}}],"line":13},"21":{"loc":{"start":{"line":21,"column":19},"end":{"line":21,"column":null}},"type":"binary-expr","locations":[{"start":{"line":21,"column":19},"end":{"line":21,"column":31}},{"start":{"line":21,"column":19},"end":{"line":21,"column":null}}],"line":21},"22":{"loc":{"start":{"line":31,"column":8},"end":{"line":31,"column":34}},"type":"binary-expr","locations":[{"start":{"line":31,"column":8},"end":{"line":31,"column":13}},{"start":{"line":31,"column":8},"end":{"line":31,"column":34}}],"line":31},"23":{"loc":{"start":{"line":42,"column":21},"end":{"line":42,"column":null}},"type":"cond-expr","locations":[{"start":{"line":42,"column":26},"end":{"line":42,"column":null}},{"start":{"line":42,"column":26},"end":{"line":42,"column":null}}],"line":42},"24":{"loc":{"start":{"line":66,"column":27},"end":{"line":66,"column":null}},"type":"binary-expr","locations":[{"start":{"line":66,"column":27},"end":{"line":66,"column":44}},{"start":{"line":66,"column":44},"end":{"line":66,"column":null}}],"line":66},"25":{"loc":{"start":{"line":75,"column":74},"end":{"line":75,"column":86}},"type":"binary-expr","locations":[{"start":{"line":75,"column":74},"end":{"line":75,"column":86}},{"start":{"line":75,"column":74},"end":{"line":75,"column":86}}],"line":75},"26":{"loc":{"start":{"line":76,"column":71},"end":{"line":76,"column":83}},"type":"binary-expr","locations":[{"start":{"line":76,"column":71},"end":{"line":76,"column":83}},{"start":{"line":76,"column":71},"end":{"line":76,"column":83}}],"line":76},"27":{"loc":{"start":{"line":84,"column":32},"end":{"line":84,"column":null}},"type":"binary-expr","locations":[{"start":{"line":84,"column":32},"end":{"line":84,"column":43}},{"start":{"line":84,"column":32},"end":{"line":84,"column":null}}],"line":84},"28":{"loc":{"start":{"line":85,"column":29},"end":{"line":85,"column":null}},"type":"binary-expr","locations":[{"start":{"line":85,"column":29},"end":{"line":85,"column":37}},{"start":{"line":85,"column":29},"end":{"line":85,"column":null}}],"line":85},"29":{"loc":{"start":{"line":98,"column":15},"end":{"line":98,"column":null}},"type":"binary-expr","locations":[{"start":{"line":98,"column":15},"end":{"line":98,"column":28}},{"start":{"line":98,"column":15},"end":{"line":98,"column":null}}],"line":98},"30":{"loc":{"start":{"line":99,"column":14},"end":{"line":99,"column":null}},"type":"cond-expr","locations":[{"start":{"line":99,"column":20},"end":{"line":99,"column":null}},{"start":{"line":99,"column":20},"end":{"line":99,"column":null}}],"line":99},"31":{"loc":{"start":{"line":140,"column":25},"end":{"line":140,"column":50}},"type":"binary-expr","locations":[{"start":{"line":140,"column":25},"end":{"line":140,"column":27}},{"start":{"line":140,"column":25},"end":{"line":140,"column":50}}],"line":140},"32":{"loc":{"start":{"line":140,"column":52},"end":{"line":140,"column":64}},"type":"binary-expr","locations":[{"start":{"line":140,"column":52},"end":{"line":140,"column":64}},{"start":{"line":140,"column":52},"end":{"line":140,"column":64}}],"line":140},"33":{"loc":{"start":{"line":142,"column":13},"end":{"line":142,"column":36}},"type":"cond-expr","locations":[{"start":{"line":142,"column":19},"end":{"line":142,"column":36}},{"start":{"line":142,"column":19},"end":{"line":142,"column":36}}],"line":142},"34":{"loc":{"start":{"line":112,"column":38},"end":{"line":112,"column":44}},"type":"binary-expr","locations":[{"start":{"line":112,"column":38},"end":{"line":112,"column":42}},{"start":{"line":112,"column":38},"end":{"line":112,"column":44}}],"line":112},"35":{"loc":{"start":{"line":115,"column":38},"end":{"line":115,"column":44}},"type":"binary-expr","locations":[{"start":{"line":115,"column":38},"end":{"line":115,"column":42}},{"start":{"line":115,"column":38},"end":{"line":115,"column":44}}],"line":115},"36":{"loc":{"start":{"line":118,"column":39},"end":{"line":118,"column":45}},"type":"binary-expr","locations":[{"start":{"line":118,"column":39},"end":{"line":118,"column":43}},{"start":{"line":118,"column":39},"end":{"line":118,"column":45}}],"line":118},"37":{"loc":{"start":{"line":125,"column":28},"end":{"line":129,"column":53}},"type":"cond-expr","locations":[{"start":{"line":125,"column":28},"end":{"line":129,"column":53}}],"line":125},"38":{"loc":{"start":{"line":126,"column":39},"end":{"line":126,"column":47}},"type":"binary-expr","locations":[{"start":{"line":126,"column":39},"end":{"line":126,"column":45}},{"start":{"line":126,"column":39},"end":{"line":126,"column":47}}],"line":126},"39":{"loc":{"start":{"line":133,"column":38},"end":{"line":133,"column":47}},"type":"binary-expr","locations":[{"start":{"line":133,"column":38},"end":{"line":133,"column":45}},{"start":{"line":133,"column":38},"end":{"line":133,"column":47}}],"line":133},"40":{"loc":{"start":{"line":136,"column":38},"end":{"line":136,"column":52}},"type":"binary-expr","locations":[{"start":{"line":136,"column":38},"end":{"line":136,"column":50}},{"start":{"line":136,"column":38},"end":{"line":136,"column":52}}],"line":136}},"s":{"0":15,"1":15,"2":15,"3":15,"4":15,"5":15,"6":15,"7":15,"8":16,"9":16,"10":16,"11":16,"12":16,"13":16,"14":0,"15":0,"16":16,"17":1,"18":1,"19":15,"20":15,"21":15,"22":15,"23":15,"24":15,"25":15,"26":1,"27":1,"28":1,"29":1,"30":1,"31":1,"32":1,"33":1,"34":1,"35":1,"36":1,"37":1,"38":1,"39":2,"40":2,"41":2,"42":2,"43":2,"44":2,"45":2,"46":0,"47":0,"48":0,"49":0,"50":0,"51":0,"52":0,"53":0,"54":0,"55":0,"56":0,"57":0,"58":0,"59":0,"60":0,"61":0,"62":0,"63":0,"64":0,"65":0,"66":4,"67":4,"68":4,"69":4,"70":3,"71":3,"72":3,"73":3,"74":3,"75":1,"76":2,"77":1,"78":1,"79":15,"80":15,"81":1,"82":1,"83":1,"84":17,"85":47,"86":47,"87":0,"88":0,"89":47,"90":47,"91":0,"92":0,"93":0,"94":0,"95":0,"96":0,"97":0,"98":0,"99":0,"100":0,"101":0,"102":0,"103":0,"104":0,"105":0,"106":0,"107":0,"108":17,"109":17,"110":18,"111":0,"112":18,"113":0,"114":17,"115":0,"116":17,"117":1,"118":0,"119":1,"120":17,"121":0,"122":17,"123":0},"f":{"0":16,"1":1,"2":1,"3":1,"4":2,"5":0,"6":0,"7":0,"8":4,"9":4,"10":3,"11":3,"12":3,"13":15,"14":47,"15":47,"16":0,"17":0,"18":47,"19":47,"20":0,"21":0,"22":0,"23":0,"24":0,"25":0,"26":0,"27":0,"28":0,"29":0,"30":0,"31":0,"32":0,"33":0,"34":0,"35":0,"36":0,"37":17,"38":17,"39":18,"40":0,"41":18,"42":0,"43":17,"44":0,"45":17,"46":1,"47":0,"48":1,"49":17,"50":0,"51":17,"52":0},"b":{"0":[16,16],"1":[16,16],"2":[1,1],"3":[1,1],"4":[0,0],"5":[0,0],"6":[0,0],"7":[0,0],"8":[0,0],"9":[0,0],"10":[0,0],"11":[4,0],"12":[4,0],"13":[3,0],"14":[3,0],"15":[1,2],"16":[1,1],"17":[17,15],"18":[17,15],"19":[47,15],"20":[47,15],"21":[47,15],"22":[47,15],"23":[0,47],"24":[0,0],"25":[0,0],"26":[0,0],"27":[47,15],"28":[47,15],"29":[17,15],"30":[1,16],"31":[0,0],"32":[0,0],"33":[0,0],"34":[18,15],"35":[18,15],"36":[17,15],"37":[1],"38":[1,1],"39":[17,15],"40":[17,15]},"meta":{"lastBranch":0,"lastFunction":0,"lastStatement":0,"seen":{},"fnNames":{}}}
}
