TN:
SF:src\api\client.ts
FN:31,setErrorNotifier
FN:39,setUnauthorizedHandler
FN:50,setTokenGetter
FN:65,(anonymous_3)
FN:74,(anonymous_4)
FN:79,(anonymous_5)
FN:93,(anonymous_6)
FN:125,constructor
FN:141,get
FN:156,post
FN:171,put
FN:182,del
FNF:12
FNH:11
FNDA:8,setErrorNotifier
FNDA:2,setUnauthorizedHandler
FNDA:8,setTokenGetter
FNDA:2,(anonymous_3)
FNDA:0,(anonymous_4)
FNDA:2,(anonymous_5)
FNDA:6,(anonymous_6)
FNDA:8,constructor
FNDA:2,get
FNDA:1,post
FNDA:1,put
FNDA:1,del
DA:19,1
DA:22,1
DA:25,1
DA:32,8
DA:40,2
DA:44,1
DA:51,8
DA:55,1
DA:64,1
DA:67,2
DA:68,2
DA:69,1
DA:70,1
DA:72,2
DA:74,0
DA:78,1
DA:81,2
DA:82,2
DA:83,2
DA:84,1
DA:85,1
DA:86,1
DA:89,1
DA:91,1
DA:95,6
DA:96,6
DA:98,6
DA:99,1
DA:100,1
DA:101,5
DA:102,1
DA:103,4
DA:104,1
DA:105,3
DA:106,1
DA:107,2
DA:108,1
DA:109,1
DA:110,1
DA:113,6
DA:114,6
DA:126,8
DA:127,8
DA:128,8
DA:129,8
DA:146,2
DA:147,2
DA:161,1
DA:162,1
DA:172,1
DA:173,1
DA:187,1
DA:188,1
LF:53
LH:52
BRDA:56,0,0,1
BRDA:56,0,1,1
BRDA:67,1,0,2
BRDA:67,1,1,1
BRDA:68,2,0,1
BRDA:68,2,1,1
BRDA:69,3,0,1
BRDA:69,3,1,0
BRDA:82,4,0,2
BRDA:82,4,1,0
BRDA:82,5,0,2
BRDA:82,5,1,2
BRDA:82,5,2,2
BRDA:83,6,0,1
BRDA:83,6,1,1
BRDA:84,7,0,1
BRDA:84,7,1,0
BRDA:95,8,0,6
BRDA:95,8,1,1
BRDA:98,9,0,1
BRDA:98,9,1,5
BRDA:101,10,0,1
BRDA:101,10,1,4
BRDA:103,11,0,1
BRDA:103,11,1,3
BRDA:105,12,0,1
BRDA:105,12,1,2
BRDA:107,13,0,1
BRDA:107,13,1,1
BRDA:109,14,0,1
BRDA:109,14,1,0
BRF:31
BRH:27
end_of_record
TN:
SF:src\api\cluster.ts
FN:13,getClusterOverview
FN:20,listNodes
FN:28,listPods
FNF:3
FNH:3
FNDA:1,getClusterOverview
FNDA:1,listNodes
FNDA:2,listPods
DA:8,1
DA:14,1
DA:21,1
DA:29,2
DA:30,2
DA:31,2
LF:6
LH:6
BRDA:30,0,0,1
BRDA:30,0,1,1
BRF:2
BRH:2
end_of_record
TN:
SF:src\api\datasource.ts
FN:85,listDataSources
FN:93,getDataSource
FN:101,createDataSource
FN:110,updateDataSource
FN:121,deleteDataSource
FN:129,testDataSource
FNF:6
FNH:6
FNDA:2,listDataSources
FNDA:1,getDataSource
FNDA:1,createDataSource
FNDA:1,updateDataSource
FNDA:1,deleteDataSource
FNDA:1,testDataSource
DA:79,1
DA:86,2
DA:94,1
DA:102,1
DA:114,1
DA:122,1
DA:130,1
LF:7
LH:7
BRF:0
BRH:0
end_of_record
TN:
SF:src\api\job.ts
FN:14,listJobs
FN:22,getJob
FN:30,submitJob
FN:38,cancelJob
FN:46,deleteJob
FN:54,getJobLogs
FN:62,getJobStatus
FNF:7
FNH:7
FNDA:2,listJobs
FNDA:1,getJob
FNDA:1,submitJob
FNDA:1,cancelJob
FNDA:1,deleteJob
FNDA:1,getJobLogs
FNDA:1,getJobStatus
DA:8,1
DA:15,2
DA:23,1
DA:31,1
DA:39,1
DA:47,1
DA:55,1
DA:63,1
LF:8
LH:8
BRF:0
BRH:0
end_of_record
TN:
SF:src\api\tenant.ts
FN:20,listTenants
FN:27,listAllTenants
FN:35,getTenant
FN:43,createTenant
FN:52,updateTenant
FN:60,deleteTenant
FNF:6
FNH:6
FNDA:2,listTenants
FNDA:1,listAllTenants
FNDA:1,getTenant
FNDA:1,createTenant
FNDA:1,updateTenant
FNDA:1,deleteTenant
DA:14,1
DA:21,2
DA:28,1
DA:36,1
DA:44,1
DA:53,1
DA:61,1
LF:7
LH:7
BRF:0
BRH:0
end_of_record
TN:
SF:src\stores\auth.ts
FN:19,loadToken
FN:24,loadUser
FN:34,(anonymous_2)
FN:40,(anonymous_3)
FN:48,login
FN:61,logout
FN:69,setUser
FNF:7
FNH:7
FNDA:7,loadToken
FNDA:7,loadUser
FNDA:7,(anonymous_2)
FNDA:4,(anonymous_3)
FNDA:6,login
FNDA:2,logout
FNDA:1,setUser
DA:15,1
DA:16,1
DA:20,7
DA:25,7
DA:26,7
DA:27,0
DA:28,0
DA:30,0
DA:34,1
DA:36,7
DA:37,7
DA:40,7
DA:49,6
DA:50,6
DA:52,6
DA:53,6
DA:54,6
DA:55,6
DA:57,6
DA:62,2
DA:63,2
DA:64,2
DA:65,2
DA:70,1
DA:71,1
DA:74,7
LF:26
LH:23
BRDA:26,0,0,7
BRDA:26,0,1,0
BRF:2
BRH:1
end_of_record
TN:
SF:src\stores\tenant.ts
FN:17,loadCurrentTenantId
FN:21,(anonymous_1)
FN:35,fetchTenants
FN:45,(anonymous_3)
FN:59,selectTenant
FN:60,(anonymous_5)
FN:68,reset
FNF:7
FNH:6
FNDA:7,loadCurrentTenantId
FNDA:9,(anonymous_1)
FNDA:9,fetchTenants
FNDA:0,(anonymous_3)
FNDA:3,selectTenant
FNDA:6,(anonymous_5)
FNDA:1,reset
DA:14,1
DA:18,7
DA:21,1
DA:23,9
DA:25,9
DA:27,9
DA:29,9
DA:36,9
DA:37,8
DA:38,8
DA:39,8
DA:40,8
DA:41,7
DA:43,7
DA:44,7
DA:45,7
DA:46,7
DA:49,1
DA:51,8
DA:60,6
DA:61,3
DA:62,2
DA:63,2
DA:69,1
DA:70,1
DA:71,1
DA:72,1
DA:75,9
LF:28
LH:28
BRDA:35,0,0,9
BRDA:36,1,0,1
BRDA:36,1,1,8
BRDA:36,2,0,9
BRDA:36,2,1,1
BRDA:43,3,0,7
BRDA:43,3,1,0
BRDA:45,4,0,0
BRDA:45,4,1,7
BRDA:46,5,0,7
BRDA:46,5,1,7
BRDA:46,5,2,0
BRDA:49,6,0,1
BRDA:49,6,1,0
BRDA:60,7,0,3
BRDA:60,7,1,1
BRDA:61,8,0,2
BRDA:61,8,1,1
BRF:18
BRH:14
end_of_record
TN:
SF:src\views\ClusterOverview.vue
FN:171,loadOverview
FN:187,(anonymous_1)
FN:194,(anonymous_2)
FN:201,(anonymous_3)
FN:213,loadNodes
FN:227,nodeCpuPercent
FN:233,nodeMemPercent
FN:244,renderTrendChart
FN:253,(anonymous_8)
FN:255,(anonymous_9)
FN:313,handleResize
FN:342,compStatusLabel
FN:350,nodeStatusLabel
FN:360,nodeStatusType
FN:370,usageLevel
FN:377,usageColor
FN:385,(anonymous_16)
FN:391,(anonymous_17)
FN:8,(anonymous_18)
FN:9,(anonymous_19)
FN:10,(anonymous_20)
FN:21,(anonymous_21)
FN:22,(anonymous_22)
FN:30,(anonymous_23)
FN:31,(anonymous_24)
FN:41,(anonymous_25)
FN:42,(anonymous_26)
FN:56,(anonymous_27)
FN:58,(anonymous_28)
FN:61,(anonymous_29)
FN:67,(anonymous_30)
FN:72,(anonymous_31)
FN:79,(anonymous_32)
FN:83,(anonymous_33)
FN:83,(anonymous_34)
FN:90,(anonymous_35)
FN:96,(anonymous_36)
FN:97,(anonymous_37)
FN:103,(anonymous_38)
FN:116,(anonymous_39)
FN:128,(anonymous_40)
FN:137,(anonymous_41)
FN:141,(anonymous_42)
FN:142,(anonymous_43)
FN:142,(anonymous_44)
FN:143,(anonymous_45)
FNF:46
FNH:30
FNDA:14,loadOverview
FNDA:28,(anonymous_1)
FNDA:28,(anonymous_2)
FNDA:28,(anonymous_3)
FNDA:14,loadNodes
FNDA:2,nodeCpuPercent
FNDA:2,nodeMemPercent
FNDA:14,renderTrendChart
FNDA:0,(anonymous_8)
FNDA:0,(anonymous_9)
FNDA:0,handleResize
FNDA:171,compStatusLabel
FNDA:3,nodeStatusLabel
FNDA:3,nodeStatusType
FNDA:115,usageLevel
FNDA:3,usageColor
FNDA:14,(anonymous_16)
FNDA:0,(anonymous_17)
FNDA:14,(anonymous_18)
FNDA:42,(anonymous_19)
FNDA:56,(anonymous_20)
FNDA:42,(anonymous_21)
FNDA:56,(anonymous_22)
FNDA:42,(anonymous_23)
FNDA:56,(anonymous_24)
FNDA:42,(anonymous_25)
FNDA:56,(anonymous_26)
FNDA:0,(anonymous_27)
FNDA:0,(anonymous_28)
FNDA:42,(anonymous_29)
FNDA:0,(anonymous_30)
FNDA:42,(anonymous_31)
FNDA:42,(anonymous_32)
FNDA:0,(anonymous_33)
FNDA:0,(anonymous_34)
FNDA:0,(anonymous_35)
FNDA:0,(anonymous_36)
FNDA:0,(anonymous_37)
FNDA:0,(anonymous_38)
FNDA:0,(anonymous_39)
FNDA:0,(anonymous_40)
FNDA:0,(anonymous_41)
FNDA:14,(anonymous_42)
FNDA:14,(anonymous_43)
FNDA:168,(anonymous_44)
FNDA:168,(anonymous_45)
DA:2,14
DA:10,1
DA:12,1
DA:13,1
DA:17,56
DA:18,42
DA:19,14
DA:22,1
DA:24,1
DA:25,1
DA:26,56
DA:27,42
DA:31,1
DA:34,1
DA:37,56
DA:38,42
DA:42,1
DA:45,1
DA:48,56
DA:49,42
DA:56,1
DA:58,0
DA:59,0
DA:61,42
DA:67,1
DA:70,0
DA:79,42
DA:81,0
DA:82,0
DA:90,0
DA:95,0
DA:97,0
DA:102,0
DA:103,1
DA:115,0
DA:116,1
DA:128,0
DA:131,42
DA:139,0
DA:142,168
DA:144,1
DA:145,1
DA:149,1
DA:150,168
DA:152,14
DA:167,14
DA:168,14
DA:172,14
DA:173,14
DA:174,14
DA:175,14
DA:177,14
DA:178,14
DA:180,14
DA:182,14
DA:187,14
DA:188,28
DA:189,14
DA:190,28
DA:194,14
DA:195,28
DA:196,14
DA:197,28
DA:201,14
DA:202,28
DA:203,14
DA:208,14
DA:209,14
DA:210,14
DA:214,14
DA:215,14
DA:216,14
DA:217,14
DA:219,0
DA:220,0
DA:222,14
DA:228,2
DA:229,1
DA:234,2
DA:235,1
DA:240,14
DA:241,14
DA:245,14
DA:246,14
DA:247,14
DA:249,0
DA:250,0
DA:254,0
DA:255,0
DA:256,0
DA:258,0
DA:314,0
DA:326,14
DA:343,171
DA:344,171
DA:351,3
DA:356,3
DA:361,3
DA:366,3
DA:371,115
DA:372,114
DA:373,113
DA:378,3
DA:379,2
DA:380,1
DA:385,14
DA:386,14
DA:387,14
DA:388,14
DA:391,14
DA:392,0
DA:393,0
DA:394,0
LF:113
LH:89
BRDA:188,0,0,14
BRDA:188,0,1,14
BRDA:189,1,0,14
BRDA:189,1,1,0
BRDA:195,2,0,14
BRDA:195,2,1,14
BRDA:196,3,0,14
BRDA:196,3,1,0
BRDA:202,4,0,14
BRDA:202,4,1,14
BRDA:202,5,0,28
BRDA:202,5,1,14
BRDA:228,6,0,1
BRDA:228,6,1,1
BRDA:234,7,0,1
BRDA:234,7,1,1
BRDA:245,8,0,0
BRDA:245,8,1,14
BRDA:245,9,0,14
BRDA:245,9,1,14
BRDA:246,10,0,14
BRDA:246,10,1,0
BRDA:356,11,0,3
BRDA:356,11,1,0
BRDA:366,12,0,3
BRDA:366,12,1,0
BRDA:371,13,0,1
BRDA:371,13,1,114
BRDA:372,14,0,1
BRDA:372,14,1,113
BRDA:378,15,0,1
BRDA:378,15,1,2
BRDA:379,16,0,1
BRDA:379,16,1,1
BRDA:154,17,0,14
BRDA:154,17,1,14
BRDA:3,18,0,14
BRDA:3,18,1,14
BRDA:17,19,0,56
BRDA:17,19,1,14
BRDA:12,20,0,56
BRDA:12,20,1,28
BRDA:14,21,0,56
BRDA:14,21,1,28
BRDA:15,22,0,56
BRDA:15,22,1,28
BRDA:15,23,0,56
BRDA:15,23,1,28
BRDA:26,24,0,56
BRDA:26,24,1,14
BRDA:24,25,0,56
BRDA:24,25,1,28
BRDA:37,26,0,56
BRDA:37,26,1,14
BRDA:35,27,0,56
BRDA:35,27,1,28
BRDA:35,28,0,56
BRDA:35,28,1,28
BRDA:48,29,0,56
BRDA:48,29,1,14
BRDA:46,30,0,56
BRDA:46,30,1,28
BRDA:46,31,0,56
BRDA:46,31,1,28
BRDA:59,32,0,0
BRDA:59,32,1,0
BRDA:58,33,0,0
BRDA:58,33,1,0
BRDA:70,34,0,0
BRDA:70,34,1,0
BRDA:77,35,0,0
BRDA:77,35,1,42
BRDA:85,36,0,0
BRDA:85,36,1,0
BRDA:139,37,0,0
BRDA:139,37,1,0
BRDA:148,38,0,168
BRDA:148,38,1,14
BRF:78
BRH:61
end_of_record
TN:
SF:src\views\DataSourceManagement.vue
FN:199,loadList
FN:220,handleSearch
FN:262,(anonymous_2)
FN:267,onTypeChange
FN:272,openCreateDialog
FN:280,openEditDialog
FN:294,resetForm
FN:306,handleSubmit
FN:308,(anonymous_8)
FN:353,handleTest
FN:374,handleDelete
FN:397,typeLabel
FN:398,(anonymous_12)
FN:403,statusLabel
FN:413,statusTagType
FN:424,(anonymous_15)
FN:10,(anonymous_16)
FN:12,(anonymous_17)
FN:14,(anonymous_18)
FN:22,(anonymous_19)
FN:28,(anonymous_20)
FN:28,(anonymous_21)
FN:42,(anonymous_22)
FN:46,(anonymous_23)
FN:46,(anonymous_24)
FN:50,(anonymous_25)
FN:56,(anonymous_26)
FN:57,(anonymous_27)
FN:64,(anonymous_28)
FN:64,(anonymous_29)
FN:64,(anonymous_30)
FN:65,(anonymous_31)
FN:65,(anonymous_32)
FN:68,(anonymous_33)
FN:68,(anonymous_34)
FN:76,(anonymous_35)
FN:77,(anonymous_36)
FN:90,(anonymous_37)
FN:139,(anonymous_38)
FN:139,(anonymous_39)
FN:139,(anonymous_40)
FN:141,(anonymous_41)
FN:96,(anonymous_42)
FN:103,(anonymous_43)
FN:104,(anonymous_44)
FN:104,(anonymous_45)
FN:107,(anonymous_46)
FN:107,(anonymous_47)
FN:108,(anonymous_48)
FN:108,(anonymous_49)
FN:112,(anonymous_50)
FN:112,(anonymous_51)
FN:115,(anonymous_52)
FN:116,(anonymous_53)
FN:124,(anonymous_54)
FN:124,(anonymous_55)
FN:127,(anonymous_56)
FN:127,(anonymous_57)
FN:130,(anonymous_58)
FN:131,(anonymous_59)
FNF:60
FNH:28
FNDA:16,loadList
FNDA:1,handleSearch
FNDA:17,(anonymous_2)
FNDA:2,onTypeChange
FNDA:1,openCreateDialog
FNDA:1,openEditDialog
FNDA:2,resetForm
FNDA:0,handleSubmit
FNDA:0,(anonymous_8)
FNDA:0,handleTest
FNDA:0,handleDelete
FNDA:3,typeLabel
FNDA:8,(anonymous_12)
FNDA:3,statusLabel
FNDA:3,statusTagType
FNDA:15,(anonymous_15)
FNDA:47,(anonymous_16)
FNDA:47,(anonymous_17)
FNDA:0,(anonymous_18)
FNDA:0,(anonymous_19)
FNDA:47,(anonymous_20)
FNDA:423,(anonymous_21)
FNDA:47,(anonymous_22)
FNDA:0,(anonymous_23)
FNDA:0,(anonymous_24)
FNDA:0,(anonymous_25)
FNDA:0,(anonymous_26)
FNDA:0,(anonymous_27)
FNDA:0,(anonymous_28)
FNDA:0,(anonymous_29)
FNDA:0,(anonymous_30)
FNDA:0,(anonymous_31)
FNDA:0,(anonymous_32)
FNDA:0,(anonymous_33)
FNDA:0,(anonymous_34)
FNDA:0,(anonymous_35)
FNDA:0,(anonymous_36)
FNDA:0,(anonymous_37)
FNDA:0,(anonymous_38)
FNDA:0,(anonymous_39)
FNDA:0,(anonymous_40)
FNDA:0,(anonymous_41)
FNDA:17,(anonymous_42)
FNDA:18,(anonymous_43)
FNDA:19,(anonymous_44)
FNDA:0,(anonymous_45)
FNDA:18,(anonymous_46)
FNDA:0,(anonymous_47)
FNDA:18,(anonymous_48)
FNDA:162,(anonymous_49)
FNDA:18,(anonymous_50)
FNDA:0,(anonymous_51)
FNDA:19,(anonymous_52)
FNDA:0,(anonymous_53)
FNDA:18,(anonymous_54)
FNDA:0,(anonymous_55)
FNDA:18,(anonymous_56)
FNDA:0,(anonymous_57)
FNDA:18,(anonymous_58)
FNDA:0,(anonymous_59)
DA:2,17
DA:10,47
DA:11,1
DA:12,47
DA:14,0
DA:22,0
DA:28,423
DA:42,47
DA:45,0
DA:46,0
DA:50,0
DA:55,0
DA:57,0
DA:63,0
DA:64,0
DA:65,0
DA:67,0
DA:68,0
DA:74,1
DA:76,0
DA:77,0
DA:90,0
DA:104,19
DA:105,18
DA:107,0
DA:108,162
DA:109,18
DA:112,18
DA:116,0
DA:121,19
DA:124,18
DA:127,18
DA:131,0
DA:135,18
DA:137,17
DA:139,0
DA:141,0
DA:162,15
DA:175,15
DA:189,15
DA:190,15
DA:191,15
DA:192,15
DA:193,15
DA:194,15
DA:195,15
DA:196,15
DA:200,16
DA:201,16
DA:202,16
DA:203,16
DA:209,16
DA:210,16
DA:212,0
DA:213,0
DA:215,16
DA:221,1
DA:222,1
DA:227,15
DA:228,15
DA:229,15
DA:230,15
DA:231,15
DA:243,15
DA:253,15
DA:262,15
DA:263,17
DA:268,2
DA:273,1
DA:274,1
DA:275,1
DA:276,1
DA:281,1
DA:282,1
DA:283,1
DA:284,1
DA:285,1
DA:286,1
DA:287,1
DA:288,1
DA:289,1
DA:290,1
DA:295,2
DA:296,2
DA:297,2
DA:298,2
DA:299,2
DA:300,2
DA:301,2
DA:302,2
DA:307,0
DA:308,0
DA:309,0
DA:310,0
DA:311,0
DA:312,0
DA:319,0
DA:320,0
DA:322,0
DA:323,0
DA:325,0
DA:326,0
DA:327,0
DA:329,0
DA:330,0
DA:331,0
DA:332,0
DA:334,0
DA:335,0
DA:336,0
DA:338,0
DA:339,0
DA:343,0
DA:350,15
DA:354,0
DA:355,0
DA:356,0
DA:357,0
DA:358,0
DA:360,0
DA:363,0
DA:367,0
DA:375,0
DA:376,0
DA:386,0
DA:387,0
DA:388,0
DA:398,8
DA:399,3
DA:404,3
DA:409,3
DA:414,3
DA:419,3
DA:424,15
DA:425,15
LF:135
LH:77
BRDA:204,0,0,16
BRDA:204,0,1,16
BRDA:205,1,0,16
BRDA:205,1,1,16
BRDA:268,2,0,2
BRDA:268,2,1,0
BRDA:287,3,0,1
BRDA:287,3,1,0
BRDA:307,4,0,0
BRDA:307,4,1,0
BRDA:309,5,0,0
BRDA:309,5,1,0
BRDA:319,6,0,0
BRDA:319,6,1,0
BRDA:319,7,0,0
BRDA:319,7,1,0
BRDA:322,8,0,0
BRDA:322,8,1,0
BRDA:325,9,0,0
BRDA:325,9,1,0
BRDA:329,10,0,0
BRDA:329,10,1,0
BRDA:357,11,0,0
BRDA:357,11,1,0
BRDA:358,12,0,0
BRDA:358,12,1,0
BRDA:399,13,0,3
BRDA:399,13,1,0
BRDA:409,14,0,3
BRDA:409,14,1,0
BRDA:419,15,0,3
BRDA:419,15,1,0
BRDA:145,16,0,17
BRDA:145,16,1,15
BRDA:3,17,0,17
BRDA:3,17,1,15
BRDA:12,18,0,47
BRDA:12,18,1,15
BRDA:14,19,0,47
BRDA:14,19,1,15
BRDA:22,20,0,47
BRDA:22,20,1,15
BRDA:30,21,0,47
BRDA:30,21,1,15
BRDA:40,22,0,0
BRDA:40,22,1,47
BRDA:64,23,0,0
BRDA:64,23,1,0
BRDA:67,24,0,0
BRDA:67,24,1,0
BRDA:68,25,0,0
BRDA:68,25,1,0
BRDA:76,26,0,47
BRDA:76,26,1,15
BRDA:77,27,0,47
BRDA:77,27,1,15
BRDA:90,28,0,17
BRDA:90,28,1,15
BRDA:91,29,0,1
BRDA:91,29,1,16
BRDA:139,30,0,0
BRDA:139,30,1,0
BRDA:139,31,0,0
BRDA:139,31,1,0
BRDA:141,32,0,0
BRDA:141,32,1,0
BRDA:104,33,0,19
BRDA:104,33,1,15
BRDA:107,34,0,18
BRDA:107,34,1,15
BRDA:112,35,0,18
BRDA:112,35,1,15
BRDA:116,36,0,19
BRDA:116,36,1,15
BRDA:123,37,0,18
BRDA:124,38,0,18
BRDA:124,38,1,15
BRDA:127,39,0,18
BRDA:127,39,1,15
BRDA:131,40,0,18
BRDA:131,40,1,15
BRDA:134,41,0,1
BRDA:134,41,1,17
BRF:83
BRH:47
end_of_record
TN:
SF:src\views\JobManagement.vue
FN:184,loadList
FN:205,handleTabChange
FN:242,openSubmitDialog
FN:248,resetSubmitForm
FN:259,handleSubmit
FN:261,(anonymous_5)
FN:294,handleCancel
FN:317,canCancel
FN:329,openLogDialog
FN:336,refreshLog
FN:351,scrollLogToBottom
FN:361,typeLabel
FN:373,statusLabel
FN:386,statusTagType
FN:399,formatDuration
FN:410,(anonymous_15)
FN:10,(anonymous_16)
FN:12,(anonymous_17)
FN:18,(anonymous_18)
FN:19,(anonymous_19)
FN:34,(anonymous_20)
FN:38,(anonymous_21)
FN:38,(anonymous_22)
FN:43,(anonymous_23)
FN:44,(anonymous_24)
FN:52,(anonymous_25)
FN:58,(anonymous_26)
FN:58,(anonymous_27)
FN:58,(anonymous_28)
FN:64,(anonymous_29)
FN:65,(anonymous_30)
FN:75,(anonymous_31)
FN:76,(anonymous_32)
FN:89,(anonymous_33)
FN:142,(anonymous_34)
FN:142,(anonymous_35)
FN:142,(anonymous_36)
FN:143,(anonymous_37)
FN:95,(anonymous_38)
FN:102,(anonymous_39)
FN:103,(anonymous_40)
FN:103,(anonymous_41)
FN:106,(anonymous_42)
FN:106,(anonymous_43)
FN:107,(anonymous_44)
FN:115,(anonymous_45)
FN:115,(anonymous_46)
FN:116,(anonymous_47)
FN:123,(anonymous_48)
FN:123,(anonymous_49)
FN:126,(anonymous_50)
FN:127,(anonymous_51)
FN:132,(anonymous_52)
FN:133,(anonymous_53)
FN:149,(anonymous_54)
FN:159,(anonymous_55)
FN:159,(anonymous_56)
FN:159,(anonymous_57)
FN:160,(anonymous_58)
FN:155,(anonymous_59)
FNF:60
FNH:25
FNDA:15,loadList
FNDA:1,handleTabChange
FNDA:1,openSubmitDialog
FNDA:2,resetSubmitForm
FNDA:0,handleSubmit
FNDA:0,(anonymous_5)
FNDA:0,handleCancel
FNDA:5,canCancel
FNDA:0,openLogDialog
FNDA:0,refreshLog
FNDA:0,scrollLogToBottom
FNDA:5,typeLabel
FNDA:6,statusLabel
FNDA:5,statusTagType
FNDA:6,formatDuration
FNDA:14,(anonymous_15)
FNDA:44,(anonymous_16)
FNDA:44,(anonymous_17)
FNDA:0,(anonymous_18)
FNDA:44,(anonymous_19)
FNDA:44,(anonymous_20)
FNDA:0,(anonymous_21)
FNDA:0,(anonymous_22)
FNDA:0,(anonymous_23)
FNDA:0,(anonymous_24)
FNDA:0,(anonymous_25)
FNDA:0,(anonymous_26)
FNDA:0,(anonymous_27)
FNDA:0,(anonymous_28)
FNDA:0,(anonymous_29)
FNDA:0,(anonymous_30)
FNDA:0,(anonymous_31)
FNDA:0,(anonymous_32)
FNDA:0,(anonymous_33)
FNDA:0,(anonymous_34)
FNDA:0,(anonymous_35)
FNDA:0,(anonymous_36)
FNDA:0,(anonymous_37)
FNDA:15,(anonymous_38)
FNDA:15,(anonymous_39)
FNDA:16,(anonymous_40)
FNDA:0,(anonymous_41)
FNDA:15,(anonymous_42)
FNDA:0,(anonymous_43)
FNDA:15,(anonymous_44)
FNDA:15,(anonymous_45)
FNDA:0,(anonymous_46)
FNDA:15,(anonymous_47)
FNDA:15,(anonymous_48)
FNDA:0,(anonymous_49)
FNDA:15,(anonymous_50)
FNDA:0,(anonymous_51)
FNDA:15,(anonymous_52)
FNDA:0,(anonymous_53)
FNDA:0,(anonymous_54)
FNDA:0,(anonymous_55)
FNDA:0,(anonymous_56)
FNDA:0,(anonymous_57)
FNDA:0,(anonymous_58)
FNDA:14,(anonymous_59)
DA:2,15
DA:10,44
DA:11,1
DA:12,44
DA:18,0
DA:19,44
DA:34,44
DA:37,0
DA:38,0
DA:42,0
DA:44,0
DA:51,0
DA:57,0
DA:58,0
DA:64,0
DA:67,0
DA:73,1
DA:75,0
DA:76,0
DA:89,0
DA:103,16
DA:104,15
DA:106,0
DA:107,15
DA:112,15
DA:115,0
DA:116,15
DA:120,15
DA:123,15
DA:127,0
DA:129,15
DA:133,0
DA:138,15
DA:140,15
DA:142,0
DA:143,0
DA:149,0
DA:155,1
DA:156,1
DA:157,14
DA:159,0
DA:160,0
DA:175,14
DA:176,14
DA:177,14
DA:178,14
DA:179,14
DA:180,14
DA:181,14
DA:185,15
DA:186,15
DA:187,15
DA:188,15
DA:189,15
DA:194,15
DA:195,15
DA:197,0
DA:198,0
DA:200,15
DA:206,1
DA:207,1
DA:212,14
DA:213,14
DA:214,14
DA:225,14
DA:234,14
DA:243,1
DA:244,1
DA:249,2
DA:250,2
DA:251,2
DA:252,2
DA:253,2
DA:254,2
DA:255,2
DA:260,0
DA:261,0
DA:262,0
DA:263,0
DA:264,0
DA:266,0
DA:270,0
DA:278,0
DA:279,0
DA:280,0
DA:284,0
DA:291,14
DA:295,0
DA:296,0
DA:305,0
DA:306,0
DA:307,0
DA:308,0
DA:312,0
DA:318,5
DA:323,14
DA:324,14
DA:325,14
DA:326,14
DA:330,0
DA:331,0
DA:332,0
DA:337,0
DA:338,0
DA:339,0
DA:340,0
DA:341,0
DA:342,0
DA:344,0
DA:346,0
DA:352,0
DA:353,0
DA:354,0
DA:362,5
DA:369,5
DA:374,6
DA:382,6
DA:387,5
DA:395,5
DA:400,6
DA:401,5
DA:402,3
DA:403,2
DA:404,2
DA:405,2
DA:410,14
DA:411,14
LF:127
LH:71
BRDA:188,0,0,15
BRDA:188,0,1,0
BRDA:260,1,0,0
BRDA:260,1,1,0
BRDA:262,2,0,0
BRDA:262,2,1,0
BRDA:275,3,0,0
BRDA:275,3,1,0
BRDA:276,4,0,0
BRDA:276,4,1,0
BRDA:337,5,0,0
BRDA:337,5,1,0
BRDA:341,6,0,0
BRDA:341,6,1,0
BRDA:353,7,0,0
BRDA:353,7,1,0
BRDA:369,8,0,5
BRDA:369,8,1,0
BRDA:382,9,0,6
BRDA:382,9,1,0
BRDA:395,10,0,5
BRDA:395,10,1,0
BRDA:400,11,0,1
BRDA:400,11,1,5
BRDA:400,12,0,6
BRDA:400,12,1,2
BRDA:401,13,0,2
BRDA:401,13,1,3
BRDA:402,14,0,1
BRDA:402,14,1,2
BRDA:163,15,0,15
BRDA:163,15,1,14
BRDA:3,16,0,15
BRDA:3,16,1,14
BRDA:12,17,0,44
BRDA:12,17,1,14
BRDA:13,18,0,44
BRDA:13,18,1,14
BRDA:18,19,0,44
BRDA:18,19,1,14
BRDA:32,20,0,0
BRDA:32,20,1,44
BRDA:58,21,0,0
BRDA:58,21,1,0
BRDA:60,22,0,0
BRDA:67,23,0,0
BRDA:67,23,1,0
BRDA:75,24,0,44
BRDA:75,24,1,14
BRDA:76,25,0,44
BRDA:76,25,1,14
BRDA:89,26,0,15
BRDA:89,26,1,14
BRDA:142,27,0,0
BRDA:142,27,1,0
BRDA:142,28,0,0
BRDA:142,28,1,0
BRDA:143,29,0,0
BRDA:143,29,1,0
BRDA:103,30,0,16
BRDA:103,30,1,14
BRDA:106,31,0,15
BRDA:106,31,1,14
BRDA:115,32,0,15
BRDA:115,32,1,14
BRDA:123,33,0,15
BRDA:123,33,1,14
BRDA:127,34,0,15
BRDA:127,34,1,14
BRDA:133,35,0,15
BRDA:133,35,1,14
BRDA:149,36,0,15
BRDA:149,36,1,14
BRDA:150,37,0,15
BRDA:150,37,1,15
BRDA:159,38,0,0
BRDA:159,38,1,0
BRDA:159,39,0,0
BRDA:159,39,1,0
BRDA:160,40,0,0
BRDA:160,40,1,0
BRDA:156,41,0,14
BRDA:156,41,1,14
BRF:83
BRH:47
end_of_record
TN:
SF:src\views\TenantManagement.vue
FN:168,loadList
FN:189,handleSearch
FN:234,openCreateDialog
FN:242,openEditDialog
FN:255,resetForm
FN:266,handleSubmit
FN:268,(anonymous_6)
FN:304,handleDelete
FN:323,planLabel
FN:334,planTagType
FN:345,statusLabel
FN:355,statusTagType
FN:365,usageColor
FN:373,(anonymous_13)
FN:10,(anonymous_14)
FN:11,(anonymous_15)
FN:13,(anonymous_16)
FN:21,(anonymous_17)
FN:27,(anonymous_18)
FN:44,(anonymous_19)
FN:49,(anonymous_20)
FN:50,(anonymous_21)
FN:56,(anonymous_22)
FN:57,(anonymous_23)
FN:65,(anonymous_24)
FN:75,(anonymous_25)
FN:75,(anonymous_26)
FN:75,(anonymous_27)
FN:76,(anonymous_28)
FN:76,(anonymous_29)
FN:84,(anonymous_30)
FN:85,(anonymous_31)
FN:98,(anonymous_32)
FN:140,(anonymous_33)
FN:140,(anonymous_34)
FN:140,(anonymous_35)
FN:142,(anonymous_36)
FN:104,(anonymous_37)
FN:111,(anonymous_38)
FN:112,(anonymous_39)
FN:112,(anonymous_40)
FN:115,(anonymous_41)
FN:115,(anonymous_42)
FN:118,(anonymous_43)
FN:118,(anonymous_44)
FN:119,(anonymous_45)
FN:126,(anonymous_46)
FN:126,(anonymous_47)
FN:127,(anonymous_48)
FN:133,(anonymous_49)
FN:133,(anonymous_50)
FN:136,(anonymous_51)
FN:136,(anonymous_52)
FNF:53
FNH:25
FNDA:16,loadList
FNDA:1,handleSearch
FNDA:1,openCreateDialog
FNDA:1,openEditDialog
FNDA:2,resetForm
FNDA:0,handleSubmit
FNDA:0,(anonymous_6)
FNDA:0,handleDelete
FNDA:4,planLabel
FNDA:4,planTagType
FNDA:3,statusLabel
FNDA:3,statusTagType
FNDA:3,usageColor
FNDA:15,(anonymous_13)
FNDA:47,(anonymous_14)
FNDA:47,(anonymous_15)
FNDA:0,(anonymous_16)
FNDA:0,(anonymous_17)
FNDA:47,(anonymous_18)
FNDA:47,(anonymous_19)
FNDA:0,(anonymous_20)
FNDA:0,(anonymous_21)
FNDA:0,(anonymous_22)
FNDA:0,(anonymous_23)
FNDA:0,(anonymous_24)
FNDA:0,(anonymous_25)
FNDA:0,(anonymous_26)
FNDA:0,(anonymous_27)
FNDA:0,(anonymous_28)
FNDA:0,(anonymous_29)
FNDA:0,(anonymous_30)
FNDA:0,(anonymous_31)
FNDA:0,(anonymous_32)
FNDA:0,(anonymous_33)
FNDA:0,(anonymous_34)
FNDA:0,(anonymous_35)
FNDA:0,(anonymous_36)
FNDA:17,(anonymous_37)
FNDA:17,(anonymous_38)
FNDA:18,(anonymous_39)
FNDA:0,(anonymous_40)
FNDA:18,(anonymous_41)
FNDA:0,(anonymous_42)
FNDA:17,(anonymous_43)
FNDA:0,(anonymous_44)
FNDA:17,(anonymous_45)
FNDA:1,(anonymous_46)
FNDA:0,(anonymous_47)
FNDA:1,(anonymous_48)
FNDA:17,(anonymous_49)
FNDA:0,(anonymous_50)
FNDA:17,(anonymous_51)
FNDA:0,(anonymous_52)
DA:2,17
DA:10,1
DA:11,47
DA:13,0
DA:21,0
DA:27,47
DA:33,47
DA:44,47
DA:48,0
DA:50,0
DA:55,0
DA:57,0
DA:64,0
DA:74,0
DA:75,0
DA:76,0
DA:82,1
DA:84,0
DA:85,0
DA:98,0
DA:112,18
DA:113,17
DA:115,18
DA:118,0
DA:119,17
DA:123,17
DA:126,0
DA:127,1
DA:130,1
DA:133,17
DA:136,17
DA:138,17
DA:140,0
DA:142,0
DA:158,15
DA:159,15
DA:160,15
DA:161,15
DA:162,15
DA:163,15
DA:164,15
DA:165,15
DA:169,16
DA:170,16
DA:171,16
DA:172,16
DA:178,16
DA:179,16
DA:181,0
DA:182,0
DA:184,16
DA:190,1
DA:191,1
DA:196,15
DA:197,15
DA:198,15
DA:199,15
DA:200,15
DA:211,15
DA:220,15
DA:235,1
DA:236,1
DA:237,1
DA:238,1
DA:243,1
DA:244,1
DA:245,1
DA:246,1
DA:247,1
DA:248,1
DA:249,1
DA:250,1
DA:251,1
DA:256,2
DA:257,2
DA:258,2
DA:259,2
DA:260,2
DA:261,2
DA:262,2
DA:267,0
DA:268,0
DA:269,0
DA:270,0
DA:271,0
DA:272,0
DA:273,0
DA:280,0
DA:282,0
DA:289,0
DA:291,0
DA:292,0
DA:296,0
DA:305,0
DA:306,0
DA:312,0
DA:313,0
DA:314,0
DA:324,4
DA:330,4
DA:335,4
DA:341,4
DA:346,3
DA:351,3
DA:356,3
DA:361,3
DA:366,3
DA:367,2
DA:368,1
DA:373,15
DA:374,15
LF:111
LH:74
BRDA:173,0,0,16
BRDA:173,0,1,16
BRDA:174,1,0,16
BRDA:174,1,1,16
BRDA:249,2,0,1
BRDA:249,2,1,1
BRDA:250,3,0,1
BRDA:250,3,1,1
BRDA:267,4,0,0
BRDA:267,4,1,0
BRDA:269,5,0,0
BRDA:269,5,1,0
BRDA:272,6,0,0
BRDA:272,6,1,0
BRDA:277,7,0,0
BRDA:277,7,1,0
BRDA:278,8,0,0
BRDA:278,8,1,0
BRDA:286,9,0,0
BRDA:286,9,1,0
BRDA:287,10,0,0
BRDA:287,10,1,0
BRDA:330,11,0,4
BRDA:330,11,1,0
BRDA:341,12,0,4
BRDA:341,12,1,0
BRDA:351,13,0,3
BRDA:351,13,1,0
BRDA:361,14,0,3
BRDA:361,14,1,0
BRDA:366,15,0,1
BRDA:366,15,1,2
BRDA:367,16,0,1
BRDA:367,16,1,1
BRDA:146,17,0,17
BRDA:146,17,1,15
BRDA:3,18,0,17
BRDA:3,18,1,15
BRDA:11,19,0,47
BRDA:11,19,1,15
BRDA:13,20,0,47
BRDA:13,20,1,15
BRDA:21,21,0,47
BRDA:21,21,1,15
BRDA:31,22,0,47
BRDA:31,22,1,15
BRDA:42,23,0,0
BRDA:42,23,1,47
BRDA:66,24,0,0
BRDA:66,24,1,0
BRDA:75,25,0,0
BRDA:75,25,1,0
BRDA:76,26,0,0
BRDA:76,26,1,0
BRDA:84,27,0,47
BRDA:84,27,1,15
BRDA:85,28,0,47
BRDA:85,28,1,15
BRDA:98,29,0,17
BRDA:98,29,1,15
BRDA:99,30,0,1
BRDA:99,30,1,16
BRDA:140,31,0,0
BRDA:140,31,1,0
BRDA:140,32,0,0
BRDA:140,32,1,0
BRDA:142,33,0,0
BRDA:142,33,1,0
BRDA:112,34,0,18
BRDA:112,34,1,15
BRDA:115,35,0,18
BRDA:115,35,1,15
BRDA:118,36,0,17
BRDA:118,36,1,15
BRDA:125,37,0,1
BRDA:126,38,0,1
BRDA:126,38,1,1
BRDA:133,39,0,17
BRDA:133,39,1,15
BRDA:136,40,0,17
BRDA:136,40,1,15
BRF:81
BRH:50
end_of_record
