<?xml version="1.0" encoding="UTF-8"?>
<testsuite xmlns:xsi="http://www.w3.org/2001/XMLSchema-instance" xsi:noNamespaceSchemaLocation="https://maven.apache.org/surefire/maven-surefire-plugin/xsd/surefire-test-report-3.0.xsd" version="3.0" name="com.shuqing.bigdata.infra.privatecloud.PrivateProviderApplicationTest" time="24.149" tests="1" errors="0" skipped="0" failures="0">
  <properties>
[...]
</properties>
  <testcase name="contextLoads" classname="com.shuqing.bigdata.infra.privatecloud.PrivateProviderApplicationTest" time="1.68">
    <system-out><![CDATA[00:12:58.437 [main] INFO org.springframework.test.context.support.AnnotationConfigContextLoaderUtils -- Could not detect default configuration classes for test class [com.shuqing.bigdata.infra.privatecloud.PrivateProviderApplicationTest]: PrivateProviderApplicationTest does not declare any static, non-private, non-final, nested classes annotated with @Configuration.
00:12:58.740 [main] INFO org.springframework.boot.test.context.SpringBootTestContextBootstrapper -- Found @SpringBootConfiguration com.shuqing.bigdata.infra.privatecloud.PrivateProviderApplication for test class com.shuqing.bigdata.infra.privatecloud.PrivateProviderApplicationTest

  .   ____          _            __ _ _
 /\\ / ___'_ __ _ _(_)_ __  __ _ \ \ \ \
( ( )\___ | '_ | '_| | '_ \/ _` | \ \ \ \
 \\/  ___)| |_)| | | | | || (_| |  ) ) ) )
  '  |____| .__|_| |_|_| |_\__, | / / / /
 =========|_|==============|___/=/_/_/_/
 :: Spring Boot ::                (v3.2.5)

2026-08-06T00:13:00.452+08:00  INFO 50508 --- [infra-provider-private-test] [           main] c.s.b.i.p.PrivateProviderApplicationTest : Starting PrivateProviderApplicationTest using Java 17.0.20 with PID 50508 (started by winge in F:\Agent\workbuddy\workspace\ShuqingBigDataPlatform\platform\infra-provider-private)
2026-08-06T00:13:00.459+08:00  INFO 50508 --- [infra-provider-private-test] [           main] c.s.b.i.p.PrivateProviderApplicationTest : No active profile set, falling back to 1 default profile: "default"
2026-08-06T00:13:03.902+08:00  INFO 50508 --- [infra-provider-private-test] [           main] .s.d.r.c.RepositoryConfigurationDelegate : Bootstrapping Spring Data JPA repositories in DEFAULT mode.
2026-08-06T00:13:04.143+08:00  INFO 50508 --- [infra-provider-private-test] [           main] .s.d.r.c.RepositoryConfigurationDelegate : Finished Spring Data repository scanning in 211 ms. Found 1 JPA repository interface.
2026-08-06T00:13:07.276+08:00  INFO 50508 --- [infra-provider-private-test] [           main] o.hibernate.jpa.internal.util.LogHelper  : HHH000204: Processing PersistenceUnitInfo [name: default]
2026-08-06T00:13:07.629+08:00  INFO 50508 --- [infra-provider-private-test] [           main] org.hibernate.Version                    : HHH000412: Hibernate ORM core version 6.4.4.Final
2026-08-06T00:13:07.760+08:00  INFO 50508 --- [infra-provider-private-test] [           main] o.h.c.internal.RegionFactoryInitiator    : HHH000026: Second-level cache disabled
2026-08-06T00:13:08.942+08:00  INFO 50508 --- [infra-provider-private-test] [           main] o.s.o.j.p.SpringPersistenceUnitInfo      : No LoadTimeWeaver setup: ignoring JPA class transformer
2026-08-06T00:13:09.071+08:00  INFO 50508 --- [infra-provider-private-test] [           main] com.zaxxer.hikari.HikariDataSource       : HikariPool-1 - Starting...
2026-08-06T00:13:10.102+08:00  INFO 50508 --- [infra-provider-private-test] [           main] com.zaxxer.hikari.pool.HikariPool        : HikariPool-1 - Added connection conn0: url=jdbc:h2:mem:testdb user=SA
2026-08-06T00:13:10.108+08:00  INFO 50508 --- [infra-provider-private-test] [           main] com.zaxxer.hikari.HikariDataSource       : HikariPool-1 - Start completed.
2026-08-06T00:13:10.252+08:00  WARN 50508 --- [infra-provider-private-test] [           main] org.hibernate.orm.deprecation            : HHH90000025: H2Dialect does not need to be specified explicitly using 'hibernate.dialect' (remove the property setting and it will be selected by default)
2026-08-06T00:13:13.550+08:00  INFO 50508 --- [infra-provider-private-test] [           main] o.h.e.t.j.p.i.JtaPlatformInitiator       : HHH000489: No JTA platform available (set 'hibernate.transaction.jta.platform' to enable JTA platform integration)
2026-08-06T00:13:13.671+08:00  INFO 50508 --- [infra-provider-private-test] [           main] j.LocalContainerEntityManagerFactoryBean : Initialized JPA EntityManagerFactory for persistence unit 'default'
2026-08-06T00:13:14.652+08:00  INFO 50508 --- [infra-provider-private-test] [           main] c.s.b.i.p.p.openstack.OpenStackClient    : OpenStackClient 初始化完成: authUrl=http://localhost:9998/v3 region=RegionOne
2026-08-06T00:13:14.673+08:00  INFO 50508 --- [infra-provider-private-test] [           main] c.s.b.i.p.p.vsphere.VSphereClient        : VSphereClient 初始化完成: vcenterUrl=http://localhost:9999 username=administrator@vsphere.local
2026-08-06T00:13:16.254+08:00  INFO 50508 --- [infra-provider-private-test] [           main] c.s.b.i.p.c.PrivateClusterController     : PrivateClusterController 初始化: providers=[vsphere, openstack]
2026-08-06T00:13:16.524+08:00  WARN 50508 --- [infra-provider-private-test] [           main] JpaBaseConfiguration$JpaWebConfiguration : spring.jpa.open-in-view is enabled by default. Therefore, database queries may be performed during view rendering. Explicitly configure spring.jpa.open-in-view to disable this warning
2026-08-06T00:13:18.405+08:00  INFO 50508 --- [infra-provider-private-test] [           main] o.s.b.a.e.web.EndpointLinksResolver      : Exposing 1 endpoint(s) beneath base path '/actuator'
2026-08-06T00:13:18.665+08:00  INFO 50508 --- [infra-provider-private-test] [           main] o.s.s.web.DefaultSecurityFilterChain     : Will secure any request with [org.springframework.security.web.session.DisableEncodeUrlFilter@3c3fab0f, org.springframework.security.web.context.request.async.WebAsyncManagerIntegrationFilter@6d376327, org.springframework.security.web.context.SecurityContextHolderFilter@39a9d178, org.springframework.security.web.header.HeaderWriterFilter@1f152728, org.springframework.web.filter.CorsFilter@66c6b587, org.springframework.security.web.authentication.logout.LogoutFilter@3ce218d9, com.shuqing.bigdata.infra.privatecloud.security.JwtAuthFilter@596ef905, org.springframework.security.web.savedrequest.RequestCacheAwareFilter@547a602c, org.springframework.security.web.servletapi.SecurityContextHolderAwareRequestFilter@35137ba5, org.springframework.security.web.authentication.AnonymousAuthenticationFilter@5c643739, org.springframework.security.web.session.SessionManagementFilter@4c8be97f, org.springframework.security.web.access.ExceptionTranslationFilter@2a042d0a, org.springframework.security.web.access.intercept.AuthorizationFilter@74f143e1]
2026-08-06T00:13:20.584+08:00  INFO 50508 --- [infra-provider-private-test] [           main] c.s.b.i.p.PrivateProviderApplicationTest : Started PrivateProviderApplicationTest in 21.38 seconds (process running for 31.442)
]]></system-out>
  </testcase>
</testsuite>