<?xml version="1.0" encoding="UTF-8"?>
<testsuite xmlns:xsi="http://www.w3.org/2001/XMLSchema-instance" xsi:noNamespaceSchemaLocation="https://maven.apache.org/surefire/maven-surefire-plugin/xsd/surefire-test-report-3.0.xsd" version="3.0" name="com.shuqing.bigdata.flinkcdc.sink.KafkaSinkConnectorTest$BuilderTest" time="0.011" tests="6" errors="0" skipped="0" failures="0">
  <properties>
[...]
</properties>
  <testcase name="highThroughput" classname="com.shuqing.bigdata.flinkcdc.sink.KafkaSinkConnectorTest$BuilderTest" time="0.0"/>
  <testcase name="property" classname="com.shuqing.bigdata.flinkcdc.sink.KafkaSinkConnectorTest$BuilderTest" time="0.0"/>
  <testcase name="properties" classname="com.shuqing.bigdata.flinkcdc.sink.KafkaSinkConnectorTest$BuilderTest" time="0.001"/>
  <testcase name="nullBootstrapServers" classname="com.shuqing.bigdata.flinkcdc.sink.KafkaSinkConnectorTest$BuilderTest" time="0.001"/>
  <testcase name="customConfig" classname="com.shuqing.bigdata.flinkcdc.sink.KafkaSinkConnectorTest$BuilderTest" time="0.0"/>
  <testcase name="defaults" classname="com.shuqing.bigdata.flinkcdc.sink.KafkaSinkConnectorTest$BuilderTest" time="0.0"/>
</testsuite>