<?xml version="1.0" encoding="UTF-8"?>
<testsuite xmlns:xsi="http://www.w3.org/2001/XMLSchema-instance" xsi:noNamespaceSchemaLocation="https://maven.apache.org/surefire/maven-surefire-plugin/xsd/surefire-test-report-3.0.xsd" version="3.0" name="com.shuqing.bigdata.governance.lineage.service.LineageQueryServiceTest" time="0.958" tests="8" errors="0" skipped="0" failures="0">
  <properties>
[...]
</properties>
  <testcase name="testLeafNode" classname="com.shuqing.bigdata.governance.lineage.service.LineageQueryServiceTest" time="0.132">
    <system-out><![CDATA[2026-08-06T02:49:09.105+08:00  INFO 47480 --- [lineage-analyzer] [           main] t.c.s.AnnotationConfigContextLoaderUtils : Could not detect default configuration classes for test class [com.shuqing.bigdata.governance.lineage.service.LineageQueryServiceTest]: LineageQueryServiceTest does not declare any static, non-private, non-final, nested classes annotated with @Configuration.
2026-08-06T02:49:09.106+08:00  INFO 47480 --- [lineage-analyzer] [           main] .b.t.c.SpringBootTestContextBootstrapper : Found @SpringBootConfiguration com.shuqing.bigdata.governance.lineage.LineageAnalyzerApplication for test class com.shuqing.bigdata.governance.lineage.service.LineageQueryServiceTest
2026-08-06T02:49:09.171+08:00  INFO 47480 --- [lineage-analyzer] [           main] c.s.b.g.l.s.LineageAnalyzerService       : 血缘分析完成: 4 个节点, 2 条边, 耗时 0ms
2026-08-06T02:49:09.201+08:00  INFO 47480 --- [lineage-analyzer] [           main] c.s.b.g.l.s.LineageAnalyzerService       : 血缘分析完成: 4 个节点, 2 条边, 耗时 0ms
2026-08-06T02:49:09.239+08:00  INFO 47480 --- [lineage-analyzer] [           main] c.s.b.g.l.s.LineageAnalyzerService       : 血缘分析完成: 4 个节点, 2 条边, 耗时 0ms
2026-08-06T02:49:09.241+08:00  INFO 47480 --- [lineage-analyzer] [           main] c.s.b.g.l.service.LineageQueryService    : 下游查询: d 深度 5 → 0 个表, 耗时 0ms
]]></system-out>
  </testcase>
  <testcase name="testUpstream" classname="com.shuqing.bigdata.governance.lineage.service.LineageQueryServiceTest" time="0.11">
    <system-out><![CDATA[2026-08-06T02:49:09.293+08:00  INFO 47480 --- [lineage-analyzer] [           main] c.s.b.g.l.s.LineageAnalyzerService       : 血缘分析完成: 4 个节点, 2 条边, 耗时 1ms
2026-08-06T02:49:09.322+08:00  INFO 47480 --- [lineage-analyzer] [           main] c.s.b.g.l.s.LineageAnalyzerService       : 血缘分析完成: 4 个节点, 2 条边, 耗时 0ms
2026-08-06T02:49:09.354+08:00  INFO 47480 --- [lineage-analyzer] [           main] c.s.b.g.l.s.LineageAnalyzerService       : 血缘分析完成: 4 个节点, 2 条边, 耗时 0ms
2026-08-06T02:49:09.356+08:00  INFO 47480 --- [lineage-analyzer] [           main] c.s.b.g.l.service.LineageQueryService    : 上游查询: d 深度 5 → 3 个表, 耗时 0ms
]]></system-out>
  </testcase>
  <testcase name="testMiddleNode" classname="com.shuqing.bigdata.governance.lineage.service.LineageQueryServiceTest" time="0.149">
    <system-out><![CDATA[2026-08-06T02:49:09.427+08:00  INFO 47480 --- [lineage-analyzer] [           main] c.s.b.g.l.s.LineageAnalyzerService       : 血缘分析完成: 4 个节点, 2 条边, 耗时 0ms
2026-08-06T02:49:09.460+08:00  INFO 47480 --- [lineage-analyzer] [           main] c.s.b.g.l.s.LineageAnalyzerService       : 血缘分析完成: 4 个节点, 2 条边, 耗时 0ms
2026-08-06T02:49:09.503+08:00  INFO 47480 --- [lineage-analyzer] [           main] c.s.b.g.l.s.LineageAnalyzerService       : 血缘分析完成: 4 个节点, 2 条边, 耗时 1ms
2026-08-06T02:49:09.504+08:00  INFO 47480 --- [lineage-analyzer] [           main] c.s.b.g.l.service.LineageQueryService    : 上游查询: b 深度 5 → 1 个表, 耗时 0ms
2026-08-06T02:49:09.505+08:00  INFO 47480 --- [lineage-analyzer] [           main] c.s.b.g.l.service.LineageQueryService    : 下游查询: b 深度 5 → 2 个表, 耗时 0ms
]]></system-out>
  </testcase>
  <testcase name="testDepthLimit" classname="com.shuqing.bigdata.governance.lineage.service.LineageQueryServiceTest" time="0.11">
    <system-out><![CDATA[2026-08-06T02:49:09.562+08:00  INFO 47480 --- [lineage-analyzer] [           main] c.s.b.g.l.s.LineageAnalyzerService       : 血缘分析完成: 4 个节点, 2 条边, 耗时 0ms
2026-08-06T02:49:09.596+08:00  INFO 47480 --- [lineage-analyzer] [           main] c.s.b.g.l.s.LineageAnalyzerService       : 血缘分析完成: 4 个节点, 2 条边, 耗时 1ms
2026-08-06T02:49:09.619+08:00  INFO 47480 --- [lineage-analyzer] [           main] c.s.b.g.l.s.LineageAnalyzerService       : 血缘分析完成: 4 个节点, 2 条边, 耗时 0ms
2026-08-06T02:49:09.620+08:00  INFO 47480 --- [lineage-analyzer] [           main] c.s.b.g.l.service.LineageQueryService    : 下游查询: a 深度 1 → 1 个表, 耗时 0ms
]]></system-out>
  </testcase>
  <testcase name="testNonExistentTable" classname="com.shuqing.bigdata.governance.lineage.service.LineageQueryServiceTest" time="0.11">
    <system-out><![CDATA[2026-08-06T02:49:09.656+08:00  INFO 47480 --- [lineage-analyzer] [           main] c.s.b.g.l.s.LineageAnalyzerService       : 血缘分析完成: 4 个节点, 2 条边, 耗时 0ms
2026-08-06T02:49:09.696+08:00  INFO 47480 --- [lineage-analyzer] [           main] c.s.b.g.l.s.LineageAnalyzerService       : 血缘分析完成: 4 个节点, 2 条边, 耗时 0ms
2026-08-06T02:49:09.728+08:00  INFO 47480 --- [lineage-analyzer] [           main] c.s.b.g.l.s.LineageAnalyzerService       : 血缘分析完成: 4 个节点, 2 条边, 耗时 0ms
2026-08-06T02:49:09.729+08:00  INFO 47480 --- [lineage-analyzer] [           main] c.s.b.g.l.service.LineageQueryService    : 上游查询: nonexistent 深度 5 → 0 个表, 耗时 0ms
2026-08-06T02:49:09.729+08:00  INFO 47480 --- [lineage-analyzer] [           main] c.s.b.g.l.service.LineageQueryService    : 下游查询: nonexistent 深度 5 → 0 个表, 耗时 0ms
]]></system-out>
  </testcase>
  <testcase name="testImpactAnalysis" classname="com.shuqing.bigdata.governance.lineage.service.LineageQueryServiceTest" time="0.096">
    <system-out><![CDATA[2026-08-06T02:49:09.790+08:00  INFO 47480 --- [lineage-analyzer] [           main] c.s.b.g.l.s.LineageAnalyzerService       : 血缘分析完成: 4 个节点, 2 条边, 耗时 2ms
2026-08-06T02:49:09.811+08:00  INFO 47480 --- [lineage-analyzer] [           main] c.s.b.g.l.s.LineageAnalyzerService       : 血缘分析完成: 4 个节点, 2 条边, 耗时 0ms
2026-08-06T02:49:09.828+08:00  INFO 47480 --- [lineage-analyzer] [           main] c.s.b.g.l.s.LineageAnalyzerService       : 血缘分析完成: 4 个节点, 2 条边, 耗时 0ms
2026-08-06T02:49:09.829+08:00  INFO 47480 --- [lineage-analyzer] [           main] c.s.b.g.l.service.LineageQueryService    : 影响分析: a → 3 个受影响表, 耗时 0ms
]]></system-out>
  </testcase>
  <testcase name="testRootNode" classname="com.shuqing.bigdata.governance.lineage.service.LineageQueryServiceTest" time="0.107">
    <system-out><![CDATA[2026-08-06T02:49:09.882+08:00  INFO 47480 --- [lineage-analyzer] [           main] c.s.b.g.l.s.LineageAnalyzerService       : 血缘分析完成: 4 个节点, 2 条边, 耗时 1ms
2026-08-06T02:49:09.916+08:00  INFO 47480 --- [lineage-analyzer] [           main] c.s.b.g.l.s.LineageAnalyzerService       : 血缘分析完成: 4 个节点, 2 条边, 耗时 0ms
2026-08-06T02:49:09.937+08:00  INFO 47480 --- [lineage-analyzer] [           main] c.s.b.g.l.s.LineageAnalyzerService       : 血缘分析完成: 4 个节点, 2 条边, 耗时 0ms
2026-08-06T02:49:09.939+08:00  INFO 47480 --- [lineage-analyzer] [           main] c.s.b.g.l.service.LineageQueryService    : 上游查询: a 深度 5 → 0 个表, 耗时 0ms
]]></system-out>
  </testcase>
  <testcase name="testDownstream" classname="com.shuqing.bigdata.governance.lineage.service.LineageQueryServiceTest" time="0.113">
    <system-out><![CDATA[2026-08-06T02:49:09.986+08:00  INFO 47480 --- [lineage-analyzer] [           main] c.s.b.g.l.s.LineageAnalyzerService       : 血缘分析完成: 4 个节点, 2 条边, 耗时 0ms
2026-08-06T02:49:10.020+08:00  INFO 47480 --- [lineage-analyzer] [           main] c.s.b.g.l.s.LineageAnalyzerService       : 血缘分析完成: 4 个节点, 2 条边, 耗时 0ms
2026-08-06T02:49:10.053+08:00  INFO 47480 --- [lineage-analyzer] [           main] c.s.b.g.l.s.LineageAnalyzerService       : 血缘分析完成: 4 个节点, 2 条边, 耗时 0ms
2026-08-06T02:49:10.054+08:00  INFO 47480 --- [lineage-analyzer] [           main] c.s.b.g.l.service.LineageQueryService    : 下游查询: a 深度 5 → 3 个表, 耗时 0ms
]]></system-out>
  </testcase>
</testsuite>