<?xml version="1.0" encoding="UTF-8"?>
<testsuite xmlns:xsi="http://www.w3.org/2001/XMLSchema-instance" xsi:noNamespaceSchemaLocation="https://maven.apache.org/surefire/maven-surefire-plugin/xsd/surefire-test-report-3.0.xsd" version="3.0" name="com.shuqing.bigdata.governance.lineage.service.LineageQueryServiceTest" time="0.467" tests="8" errors="0" skipped="0" failures="0">
  <properties>
[...]
</properties>
  <testcase name="testLeafNode" classname="com.shuqing.bigdata.governance.lineage.service.LineageQueryServiceTest" time="0.069">
    <system-out><![CDATA[2026-08-06T18:37:31.022+08:00  INFO 64948 --- [lineage-analyzer] [           main] t.c.s.AnnotationConfigContextLoaderUtils : Could not detect default configuration classes for test class [com.shuqing.bigdata.governance.lineage.service.LineageQueryServiceTest]: LineageQueryServiceTest does not declare any static, non-private, non-final, nested classes annotated with @Configuration.
2026-08-06T18:37:31.024+08:00  INFO 64948 --- [lineage-analyzer] [           main] .b.t.c.SpringBootTestContextBootstrapper : Found @SpringBootConfiguration com.shuqing.bigdata.governance.lineage.LineageAnalyzerApplication for test class com.shuqing.bigdata.governance.lineage.service.LineageQueryServiceTest
2026-08-06T18:37:31.067+08:00  INFO 64948 --- [lineage-analyzer] [           main] c.s.b.g.l.s.LineageAnalyzerService       : 血缘分析完成: 4 个节点, 2 条边, 耗时 0ms
2026-08-06T18:37:31.085+08:00  INFO 64948 --- [lineage-analyzer] [           main] c.s.b.g.l.s.LineageAnalyzerService       : 血缘分析完成: 4 个节点, 2 条边, 耗时 0ms
2026-08-06T18:37:31.098+08:00  INFO 64948 --- [lineage-analyzer] [           main] c.s.b.g.l.s.LineageAnalyzerService       : 血缘分析完成: 4 个节点, 2 条边, 耗时 0ms
2026-08-06T18:37:31.099+08:00  INFO 64948 --- [lineage-analyzer] [           main] c.s.b.g.l.service.LineageQueryService    : 下游查询: d 深度 5 → 0 个表, 耗时 1ms
]]></system-out>
  </testcase>
  <testcase name="testUpstream" classname="com.shuqing.bigdata.governance.lineage.service.LineageQueryServiceTest" time="0.075">
    <system-out><![CDATA[2026-08-06T18:37:31.153+08:00  INFO 64948 --- [lineage-analyzer] [           main] c.s.b.g.l.s.LineageAnalyzerService       : 血缘分析完成: 4 个节点, 2 条边, 耗时 1ms
2026-08-06T18:37:31.166+08:00  INFO 64948 --- [lineage-analyzer] [           main] c.s.b.g.l.s.LineageAnalyzerService       : 血缘分析完成: 4 个节点, 2 条边, 耗时 0ms
2026-08-06T18:37:31.173+08:00  INFO 64948 --- [lineage-analyzer] [           main] c.s.b.g.l.s.LineageAnalyzerService       : 血缘分析完成: 4 个节点, 2 条边, 耗时 0ms
2026-08-06T18:37:31.175+08:00  INFO 64948 --- [lineage-analyzer] [           main] c.s.b.g.l.service.LineageQueryService    : 上游查询: d 深度 5 → 3 个表, 耗时 0ms
]]></system-out>
  </testcase>
  <testcase name="testMiddleNode" classname="com.shuqing.bigdata.governance.lineage.service.LineageQueryServiceTest" time="0.044">
    <system-out><![CDATA[2026-08-06T18:37:31.201+08:00  INFO 64948 --- [lineage-analyzer] [           main] c.s.b.g.l.s.LineageAnalyzerService       : 血缘分析完成: 4 个节点, 2 条边, 耗时 0ms
2026-08-06T18:37:31.209+08:00  INFO 64948 --- [lineage-analyzer] [           main] c.s.b.g.l.s.LineageAnalyzerService       : 血缘分析完成: 4 个节点, 2 条边, 耗时 0ms
2026-08-06T18:37:31.220+08:00  INFO 64948 --- [lineage-analyzer] [           main] c.s.b.g.l.s.LineageAnalyzerService       : 血缘分析完成: 4 个节点, 2 条边, 耗时 0ms
2026-08-06T18:37:31.221+08:00  INFO 64948 --- [lineage-analyzer] [           main] c.s.b.g.l.service.LineageQueryService    : 上游查询: b 深度 5 → 1 个表, 耗时 0ms
2026-08-06T18:37:31.221+08:00  INFO 64948 --- [lineage-analyzer] [           main] c.s.b.g.l.service.LineageQueryService    : 下游查询: b 深度 5 → 2 个表, 耗时 0ms
]]></system-out>
  </testcase>
  <testcase name="testDepthLimit" classname="com.shuqing.bigdata.governance.lineage.service.LineageQueryServiceTest" time="0.055">
    <system-out><![CDATA[2026-08-06T18:37:31.255+08:00  INFO 64948 --- [lineage-analyzer] [           main] c.s.b.g.l.s.LineageAnalyzerService       : 血缘分析完成: 4 个节点, 2 条边, 耗时 0ms
2026-08-06T18:37:31.268+08:00  INFO 64948 --- [lineage-analyzer] [           main] c.s.b.g.l.s.LineageAnalyzerService       : 血缘分析完成: 4 个节点, 2 条边, 耗时 0ms
2026-08-06T18:37:31.276+08:00  INFO 64948 --- [lineage-analyzer] [           main] c.s.b.g.l.s.LineageAnalyzerService       : 血缘分析完成: 4 个节点, 2 条边, 耗时 0ms
2026-08-06T18:37:31.276+08:00  INFO 64948 --- [lineage-analyzer] [           main] c.s.b.g.l.service.LineageQueryService    : 下游查询: a 深度 1 → 1 个表, 耗时 0ms
]]></system-out>
  </testcase>
  <testcase name="testNonExistentTable" classname="com.shuqing.bigdata.governance.lineage.service.LineageQueryServiceTest" time="0.047">
    <system-out><![CDATA[2026-08-06T18:37:31.302+08:00  INFO 64948 --- [lineage-analyzer] [           main] c.s.b.g.l.s.LineageAnalyzerService       : 血缘分析完成: 4 个节点, 2 条边, 耗时 0ms
2026-08-06T18:37:31.315+08:00  INFO 64948 --- [lineage-analyzer] [           main] c.s.b.g.l.s.LineageAnalyzerService       : 血缘分析完成: 4 个节点, 2 条边, 耗时 1ms
2026-08-06T18:37:31.324+08:00  INFO 64948 --- [lineage-analyzer] [           main] c.s.b.g.l.s.LineageAnalyzerService       : 血缘分析完成: 4 个节点, 2 条边, 耗时 0ms
2026-08-06T18:37:31.325+08:00  INFO 64948 --- [lineage-analyzer] [           main] c.s.b.g.l.service.LineageQueryService    : 上游查询: nonexistent 深度 5 → 0 个表, 耗时 0ms
2026-08-06T18:37:31.325+08:00  INFO 64948 --- [lineage-analyzer] [           main] c.s.b.g.l.service.LineageQueryService    : 下游查询: nonexistent 深度 5 → 0 个表, 耗时 0ms
]]></system-out>
  </testcase>
  <testcase name="testImpactAnalysis" classname="com.shuqing.bigdata.governance.lineage.service.LineageQueryServiceTest" time="0.042">
    <system-out><![CDATA[2026-08-06T18:37:31.351+08:00  INFO 64948 --- [lineage-analyzer] [           main] c.s.b.g.l.s.LineageAnalyzerService       : 血缘分析完成: 4 个节点, 2 条边, 耗时 0ms
2026-08-06T18:37:31.358+08:00  INFO 64948 --- [lineage-analyzer] [           main] c.s.b.g.l.s.LineageAnalyzerService       : 血缘分析完成: 4 个节点, 2 条边, 耗时 1ms
2026-08-06T18:37:31.364+08:00  INFO 64948 --- [lineage-analyzer] [           main] c.s.b.g.l.s.LineageAnalyzerService       : 血缘分析完成: 4 个节点, 2 条边, 耗时 0ms
2026-08-06T18:37:31.365+08:00  INFO 64948 --- [lineage-analyzer] [           main] c.s.b.g.l.service.LineageQueryService    : 影响分析: a → 3 个受影响表, 耗时 0ms
]]></system-out>
  </testcase>
  <testcase name="testRootNode" classname="com.shuqing.bigdata.governance.lineage.service.LineageQueryServiceTest" time="0.041">
    <system-out><![CDATA[2026-08-06T18:37:31.386+08:00  INFO 64948 --- [lineage-analyzer] [           main] c.s.b.g.l.s.LineageAnalyzerService       : 血缘分析完成: 4 个节点, 2 条边, 耗时 0ms
2026-08-06T18:37:31.394+08:00  INFO 64948 --- [lineage-analyzer] [           main] c.s.b.g.l.s.LineageAnalyzerService       : 血缘分析完成: 4 个节点, 2 条边, 耗时 0ms
2026-08-06T18:37:31.407+08:00  INFO 64948 --- [lineage-analyzer] [           main] c.s.b.g.l.s.LineageAnalyzerService       : 血缘分析完成: 4 个节点, 2 条边, 耗时 0ms
2026-08-06T18:37:31.408+08:00  INFO 64948 --- [lineage-analyzer] [           main] c.s.b.g.l.service.LineageQueryService    : 上游查询: a 深度 5 → 0 个表, 耗时 0ms
]]></system-out>
  </testcase>
  <testcase name="testDownstream" classname="com.shuqing.bigdata.governance.lineage.service.LineageQueryServiceTest" time="0.071">
    <system-out><![CDATA[2026-08-06T18:37:31.453+08:00  INFO 64948 --- [lineage-analyzer] [           main] c.s.b.g.l.s.LineageAnalyzerService       : 血缘分析完成: 4 个节点, 2 条边, 耗时 0ms
2026-08-06T18:37:31.468+08:00  INFO 64948 --- [lineage-analyzer] [           main] c.s.b.g.l.s.LineageAnalyzerService       : 血缘分析完成: 4 个节点, 2 条边, 耗时 0ms
2026-08-06T18:37:31.480+08:00  INFO 64948 --- [lineage-analyzer] [           main] c.s.b.g.l.s.LineageAnalyzerService       : 血缘分析完成: 4 个节点, 2 条边, 耗时 0ms
2026-08-06T18:37:31.481+08:00  INFO 64948 --- [lineage-analyzer] [           main] c.s.b.g.l.service.LineageQueryService    : 下游查询: a 深度 5 → 3 个表, 耗时 0ms
]]></system-out>
  </testcase>
</testsuite>